TN:
SF:/usr/src/rocapp/app/demo/dq_demo.cpp
FN:12,_ZL14batch_generatemm
FN:26,_ZL14observationfitRSt6vectorIdSaIdEEm
FN:43,_Z8wrapdistmmm
FN:50,main
FN:260,_GLOBAL__sub_I_dq_demo.cpp
FN:260,_Z41__static_initialization_and_destruction_0ii
FN:260,_Z41__static_initialization_and_destruction_1ii
FNDA:25320,_Z8wrapdistmmm
FNDA:25361,_ZL14batch_generatemm
FNDA:2,_GLOBAL__sub_I_dq_demo.cpp
FNDA:25361,_ZL14observationfitRSt6vectorIdSaIdEEm
FNDA:2,main
FNDA:2,_Z41__static_initialization_and_destruction_1ii
FNDA:2,_Z41__static_initialization_and_destruction_0ii
FNF:7
FNH:7
DA:10,2
DA:12,25361
DA:14,25361
DA:17,25361
DA:18,25361
DA:20,25361
DA:21,25361
DA:22,25361
DA:23,25361
DA:26,25361
DA:28,25361
DA:29,25361
DA:30,278971
DA:32,253610
DA:34,25361
DA:35,253610
DA:37,228249
DA:39,25361
DA:43,25320
DA:45,25320
DA:46,25320
DA:47,25320
DA:50,2
DA:54,4
DA:55,2
DA:56,2
DA:58,2
DA:59,2
DA:63,10
DA:65,4
DA:68,2
DA:69,2
DA:71,1
DA:72,1
DA:74,1
DA:75,1
DA:77,0
DA:78,0
DA:79,0
DA:81,0
DA:82,0
DA:105,2
DA:107,0
DA:108,0
DA:111,4
DA:112,4
DA:114,2
DA:115,2
DA:120,4
DA:121,4
DA:122,2
DA:123,2
DA:124,2
DA:125,2
DA:127,2
DA:128,4
DA:129,2
DA:130,4
DA:133,4
DA:134,2
DA:135,4
DA:137,2
DA:142,4
DA:143,4
DA:144,4
DA:145,4
DA:146,2
DA:147,2
DA:148,2
DA:149,253
DA:151,502
DA:152,251
DA:153,251
DA:154,251
DA:155,251
DA:156,25256
DA:158,25005
DA:159,25005
DA:160,25005
DA:163,25005
DA:165,25005
DA:166,25005
DA:168,25005
DA:169,25005
DA:171,25005
DA:172,25005
DA:174,25005
DA:175,25005
DA:177,251
DA:178,251
DA:180,251
DA:181,251
DA:183,240
DA:188,251
DA:189,2707
DA:191,2456
DA:193,251
DA:194,251
DA:196,0
DA:197,0
DA:200,251
DA:201,251
DA:203,2
DA:204,2
DA:206,4
DA:207,4
DA:208,4
DA:209,2
DA:210,2
DA:211,2
DA:212,107
DA:214,105
DA:215,105
DA:217,105
DA:218,105
DA:219,105
DA:221,105
DA:222,105
DA:224,105
DA:225,105
DA:226,105
DA:228,105
DA:229,105
DA:230,105
DA:232,2
DA:233,2
DA:234,2
DA:235,2
DA:236,2
DA:237,2
DA:241,2
DA:244,0
DA:247,2
DA:249,0
DA:257,2
DA:259,2
DA:260,10
LF:137
LH:126
end_of_record
TN:
SF:/usr/src/rocapp/app/demo/gd_demo.cpp
FN:19,_ZL14batch_generatemm
FN:33,_ZL8avgevry2RSt6vectorIdSaIdEE
FN:44,main
FN:195,_Z41__static_initialization_and_destruction_1ii
FN:195,_Z41__static_initialization_and_destruction_0ii
FN:195,_GLOBAL__sub_I_gd_demo.cpp
FNDA:2,main
FNDA:3506,_ZL8avgevry2RSt6vectorIdSaIdEE
FNDA:2,_Z41__static_initialization_and_destruction_0ii
FNDA:2,_Z41__static_initialization_and_destruction_1ii
FNDA:3506,_ZL14batch_generatemm
FNDA:2,_GLOBAL__sub_I_gd_demo.cpp
FNF:6
FNH:6
DA:17,2
DA:19,3506
DA:21,3506
DA:24,3506
DA:25,3506
DA:27,3506
DA:28,3506
DA:29,3506
DA:30,3506
DA:33,3506
DA:35,3506
DA:36,56096
DA:38,52590
DA:39,52590
DA:41,3506
DA:44,2
DA:48,4
DA:49,2
DA:50,2
DA:52,2
DA:53,2
DA:57,10
DA:59,4
DA:62,2
DA:63,2
DA:65,1
DA:66,1
DA:68,1
DA:69,1
DA:71,0
DA:72,0
DA:73,0
DA:75,0
DA:76,0
DA:99,2
DA:101,0
DA:102,0
DA:105,4
DA:106,4
DA:108,2
DA:109,2
DA:110,2
DA:111,2
DA:116,4
DA:117,4
DA:118,2
DA:119,4
DA:120,2
DA:121,4
DA:124,4
DA:125,2
DA:126,4
DA:129,2
DA:130,3007
DA:132,3005
DA:133,6010
DA:134,6010
DA:135,3005
DA:137,2
DA:138,2
DA:140,2
DA:144,2
DA:145,2
DA:146,2
DA:147,503
DA:149,501
DA:150,1002
DA:151,1002
DA:152,1002
DA:153,1002
DA:154,1002
DA:155,501
DA:156,501
DA:157,501
DA:158,8016
DA:160,7515
DA:161,7515
DA:162,7515
DA:164,501
DA:165,501
DA:166,501
DA:168,2
DA:169,2
DA:170,2
DA:171,2
DA:172,2
DA:173,2
DA:177,2
DA:179,0
DA:182,2
DA:184,0
DA:192,2
DA:194,2
DA:195,10
LF:94
LH:85
end_of_record
TN:
SF:/usr/src/rocapp/app/rocnnet/include/compounds/icompound.hpp
FN:41,_ZN7rocnnet9icompoundC2ERKS0_RNSt7__cxx1112basic_stringIcSt11char_traitsIcESaIcEEE
FN:43,_ZN7rocnnet9icompoundC2EOS0_
FNDA:16,_ZN7rocnnet9icompoundC2ERKS0_RNSt7__cxx1112basic_stringIcSt11char_traitsIcESaIcEEE
FNDA:4,_ZN7rocnnet9icompoundC2EOS0_
FNF:2
FNH:2
DA:41,16
DA:43,4
LF:2
LH:2
end_of_record
TN:
SF:/usr/src/rocapp/app/rocnnet/include/compounds/mlp.hpp
FN:46,_ZNK7rocnnet3mlp10get_ninputEv
FN:48,_ZNK7rocnnet3mlp11get_noutputEv
FNDA:161107,_ZNK7rocnnet3mlp11get_noutputEv
FNDA:28,_ZNK7rocnnet3mlp10get_ninputEv
FNF:2
FNH:2
DA:46,28
DA:48,161107
LF:2
LH:2
end_of_record
TN:
SF:/usr/src/rocapp/app/rocnnet/include/models/dq_net.hpp
FN:24,_ZN7rocnnet9dqn_paramC2Ev
FN:78,_ZN7rocnnet6dq_net9exp_batchaSEOS1_
FN:78,_ZN7rocnnet6dq_net9exp_batchD2Ev
FN:78,_ZN7rocnnet6dq_net9exp_batchC2EOS1_
FN:78,_ZN7rocnnet6dq_net9exp_batchC2ERKS1_
FNDA:0,_ZN7rocnnet6dq_net9exp_batchaSEOS1_
FNDA:557214,_ZN7rocnnet6dq_net9exp_batchD2Ev
FNDA:6,_ZN7rocnnet9dqn_paramC2Ev
FNDA:319616,_ZN7rocnnet6dq_net9exp_batchC2ERKS1_
FNDA:212593,_ZN7rocnnet6dq_net9exp_batchC2EOS1_
FNF:5
FNH:4
DA:24,6
DA:78,1089423
LF:2
LH:2
end_of_record
TN:
SF:/usr/src/rocapp/app/rocnnet/src/compounds/icompound.cpp
FN:16,_ZN7rocnnet9icompoundC2ENSt7__cxx1112basic_stringIcSt11char_traitsIcESaIcEEE
FN:18,_ZN7rocnnet9icompoundD2Ev
FN:18,_ZN7rocnnet9icompoundD0Ev
FN:20,_ZNK7rocnnet9icompound5cloneENSt7__cxx1112basic_stringIcSt11char_traitsIcESaIcEEE
FN:25,_ZN7rocnnet9icompound4moveEv
FN:30,_ZN7rocnnet9icompound10initializeENSt7__cxx1112basic_stringIcSt11char_traitsIcESaIcEEES6_
FN:47,_ZNK7rocnnet9icompound4saveENSt7__cxx1112basic_stringIcSt11char_traitsIcESaIcEEES6_
FN:55,_GLOBAL__sub_I_icompound.cpp
FN:55,_Z41__static_initialization_and_destruction_0ii
FNDA:4,_Z41__static_initialization_and_destruction_0ii
FNDA:0,_ZN7rocnnet9icompoundD0Ev
FNDA:0,_ZNK7rocnnet9icompound4saveENSt7__cxx1112basic_stringIcSt11char_traitsIcESaIcEEES6_
FNDA:4,_GLOBAL__sub_I_icompound.cpp
FNDA:0,_ZN7rocnnet9icompound4moveEv
FNDA:24,_ZN7rocnnet9icompoundD2Ev
FNDA:12,_ZN7rocnnet9icompound10initializeENSt7__cxx1112basic_stringIcSt11char_traitsIcESaIcEEES6_
FNDA:4,_ZN7rocnnet9icompoundC2ENSt7__cxx1112basic_stringIcSt11char_traitsIcESaIcEEE
FNDA:0,_ZNK7rocnnet9icompound5cloneENSt7__cxx1112basic_stringIcSt11char_traitsIcESaIcEEE
FNF:9
FNH:5
DA:16,4
DA:18,24
DA:20,0
DA:22,0
DA:25,0
DA:27,0
DA:30,12
DA:32,12
DA:33,18
DA:35,18
DA:36,12
DA:38,6
DA:41,30
DA:43,24
DA:47,0
DA:49,0
DA:50,0
DA:51,0
DA:52,0
DA:55,12
LF:20
LH:11
end_of_record
TN:
SF:/usr/src/rocapp/app/rocnnet/src/compounds/mlp.cpp
FN:16,_ZN7rocnnet3mlpC2EmSt6vectorISt4pairImSt8functionIFN4nnet6varptrIdEEPNS4_5inodeIdEEEEESaISC_EENSt7__cxx1112basic_stringIcSt11char_traitsIcESaIcEEE
FN:32,_ZN7rocnnet3mlpD0Ev
FN:32,_ZN7rocnnet3mlpD2Ev
FN:37,_ZNK7rocnnet3mlp5cloneENSt7__cxx1112basic_stringIcSt11char_traitsIcESaIcEEE
FN:42,_ZN7rocnnet3mlp4moveEv
FN:47,_ZN7rocnnet3mlpaSERKS0_
FN:58,_ZN7rocnnet3mlpaSEOS0_
FN:71,_ZN7rocnnet3mlpclEPN4nnet5inodeIdEE
FN:87,_ZNK7rocnnet3mlp13get_variablesEv
FN:98,_ZN7rocnnet3mlpC2ERKS0_RNSt7__cxx1112basic_stringIcSt11char_traitsIcESaIcEEE
FN:104,_ZN7rocnnet3mlpC2EOS0_
FN:110,_ZNK7rocnnet3mlp10clone_implERNSt7__cxx1112basic_stringIcSt11char_traitsIcESaIcEEE
FN:115,_ZN7rocnnet3mlp9move_implEv
FN:120,_ZN7rocnnet3mlp11copy_helperERKS0_
FN:132,_ZN7rocnnet3mlp11move_helperEOS0_
FN:139,_ZN7rocnnet3mlp8clean_upEv
FN:148,_GLOBAL__sub_I_mlp.cpp
FN:148,_Z41__static_initialization_and_destruction_0ii
FNDA:16,_ZNK7rocnnet3mlp10clone_implERNSt7__cxx1112basic_stringIcSt11char_traitsIcESaIcEEE
FNDA:24,_ZN7rocnnet3mlpD2Ev
FNDA:4,_ZN7rocnnet3mlpC2EOS0_
FNDA:24,_ZN7rocnnet3mlp8clean_upEv
FNDA:0,_ZN7rocnnet3mlpaSEOS0_
FNDA:16,_ZNK7rocnnet3mlp5cloneENSt7__cxx1112basic_stringIcSt11char_traitsIcESaIcEEE
FNDA:4,_Z41__static_initialization_and_destruction_0ii
FNDA:4,_ZN7rocnnet3mlp4moveEv
FNDA:24,_ZN7rocnnet3mlpD0Ev
FNDA:16,_ZN7rocnnet3mlp11copy_helperERKS0_
FNDA:4,_ZN7rocnnet3mlpC2EmSt6vectorISt4pairImSt8functionIFN4nnet6varptrIdEEPNS4_5inodeIdEEEEESaISC_EENSt7__cxx1112basic_stringIcSt11char_traitsIcESaIcEEE
FNDA:4,_ZN7rocnnet3mlp9move_implEv
FNDA:4,_GLOBAL__sub_I_mlp.cpp
FNDA:40,_ZN7rocnnet3mlpclEPN4nnet5inodeIdEE
FNDA:16,_ZN7rocnnet3mlpC2ERKS0_RNSt7__cxx1112basic_stringIcSt11char_traitsIcESaIcEEE
FNDA:28,_ZNK7rocnnet3mlp13get_variablesEv
FNDA:4,_ZN7rocnnet3mlp11move_helperEOS0_
FNDA:0,_ZN7rocnnet3mlpaSERKS0_
FNF:18
FNH:16
DA:16,4
DA:18,4
DA:20,4
DA:22,12
DA:24,8
DA:25,8
DA:26,16
DA:27,8
DA:28,8
DA:30,4
DA:32,72
DA:34,24
DA:35,48
DA:37,16
DA:39,16
DA:42,4
DA:44,4
DA:47,0
DA:49,0
DA:51,0
DA:52,0
DA:53,0
DA:55,0
DA:58,0
DA:60,0
DA:62,0
DA:63,0
DA:64,0
DA:66,0
DA:71,40
DA:74,80
DA:75,40
DA:78,40
DA:79,120
DA:81,80
DA:82,80
DA:84,80
DA:87,28
DA:89,28
DA:90,84
DA:92,112
DA:93,56
DA:95,28
DA:98,16
DA:99,16
DA:101,16
DA:102,16
DA:104,4
DA:105,4
DA:107,4
DA:108,4
DA:110,16
DA:112,16
DA:115,4
DA:117,4
DA:120,16
DA:122,16
DA:123,16
DA:124,48
DA:126,64
DA:127,96
DA:128,32
DA:130,16
DA:132,4
DA:134,4
DA:135,4
DA:136,4
DA:137,4
DA:139,24
DA:141,64
DA:143,40
DA:145,24
DA:146,24
DA:148,12
LF:74
LH:62
end_of_record
TN:
SF:/usr/src/rocapp/app/rocnnet/src/layers/fc_layer.cpp
FN:16,_ZN7rocnnet8fc_layerC2ESt6vectorImSaImEEmNSt7__cxx1112basic_stringIcSt11char_traitsIcESaIcEEE
FN:32,_ZN7rocnnet8fc_layerD2Ev
FN:32,_ZN7rocnnet8fc_layerD0Ev
FN:37,_ZNK7rocnnet8fc_layer5cloneENSt7__cxx1112basic_stringIcSt11char_traitsIcESaIcEEE
FN:42,_ZN7rocnnet8fc_layer4moveEv
FN:47,_ZN7rocnnet8fc_layeraSERKS0_
FN:57,_ZN7rocnnet8fc_layeraSEOS0_
FN:69,_ZN7rocnnet8fc_layerclESt6vectorIPN4nnet5inodeIdEESaIS5_EE
FN:84,_ZNK7rocnnet8fc_layer13get_variablesEv
FN:95,_ZN7rocnnet8fc_layerC2ERKS0_NSt7__cxx1112basic_stringIcSt11char_traitsIcESaIcEEE
FN:101,_ZN7rocnnet8fc_layerC2EOS0_
FN:107,_ZNK7rocnnet8fc_layer10clone_implERNSt7__cxx1112basic_stringIcSt11char_traitsIcESaIcEEE
FN:112,_ZN7rocnnet8fc_layer9move_implEv
FN:117,_ZN7rocnnet8fc_layer11copy_helperERKS0_
FN:130,_ZN7rocnnet8fc_layer11move_helperEOS0_
FN:135,_ZN7rocnnet8fc_layer8clean_upEv
FN:145,_GLOBAL__sub_I_fc_layer.cpp
FN:145,_Z41__static_initialization_and_destruction_0ii
FN:145,_Z41__static_initialization_and_destruction_1ii
FNDA:32,_ZNK7rocnnet8fc_layer10clone_implERNSt7__cxx1112basic_stringIcSt11char_traitsIcESaIcEEE
FNDA:32,_ZN7rocnnet8fc_layerC2ERKS0_NSt7__cxx1112basic_stringIcSt11char_traitsIcESaIcEEE
FNDA:0,_ZN7rocnnet8fc_layer9move_implEv
FNDA:0,_ZN7rocnnet8fc_layer4moveEv
FNDA:0,_ZN7rocnnet8fc_layerC2EOS0_
FNDA:0,_ZN7rocnnet8fc_layeraSERKS0_
FNDA:4,_Z41__static_initialization_and_destruction_1ii
FNDA:40,_ZN7rocnnet8fc_layerD2Ev
FNDA:32,_ZNK7rocnnet8fc_layer5cloneENSt7__cxx1112basic_stringIcSt11char_traitsIcESaIcEEE
FNDA:4,_Z41__static_initialization_and_destruction_0ii
FNDA:8,_ZN7rocnnet8fc_layerC2ESt6vectorImSaImEEmNSt7__cxx1112basic_stringIcSt11char_traitsIcESaIcEEE
FNDA:80,_ZN7rocnnet8fc_layerclESt6vectorIPN4nnet5inodeIdEESaIS5_EE
FNDA:40,_ZN7rocnnet8fc_layerD0Ev
FNDA:32,_ZN7rocnnet8fc_layer11copy_helperERKS0_
FNDA:0,_ZN7rocnnet8fc_layer11move_helperEOS0_
FNDA:40,_ZN7rocnnet8fc_layer8clean_upEv
FNDA:0,_ZN7rocnnet8fc_layeraSEOS0_
FNDA:56,_ZNK7rocnnet8fc_layer13get_variablesEv
FNDA:4,_GLOBAL__sub_I_fc_layer.cpp
FNF:19
FNH:13
DA:16,8
DA:17,8
DA:19,16
DA:21,16
DA:23,16
DA:24,16
DA:25,8
DA:26,16
DA:27,8
DA:28,8
DA:30,8
DA:32,120
DA:34,40
DA:35,80
DA:37,32
DA:39,32
DA:42,0
DA:44,0
DA:47,0
DA:49,0
DA:51,0
DA:52,0
DA:54,0
DA:57,0
DA:59,0
DA:61,0
DA:62,0
DA:64,0
DA:69,80
DA:72,160
DA:74,80
DA:75,80
DA:77,0
DA:78,0
DA:79,0
DA:81,160
DA:84,56
DA:86,56
DA:87,112
DA:89,56
DA:90,56
DA:92,56
DA:95,32
DA:96,32
DA:98,32
DA:99,32
DA:101,0
DA:102,0
DA:104,0
DA:105,0
DA:107,32
DA:109,32
DA:112,0
DA:114,0
DA:117,32
DA:119,64
DA:121,32
DA:122,32
DA:123,32
DA:124,32
DA:125,32
DA:126,32
DA:128,32
DA:130,0
DA:132,0
DA:133,0
DA:135,40
DA:137,80
DA:139,40
DA:140,40
DA:142,40
DA:143,40
DA:145,20
LF:73
LH:49
end_of_record
TN:
SF:/usr/src/rocapp/app/rocnnet/src/layers/ilayer.cpp
FN:16,_ZN7rocnnet6ilayerC2ENSt7__cxx1112basic_stringIcSt11char_traitsIcESaIcEEE
FN:18,_ZN7rocnnet6ilayerD2Ev
FN:18,_ZN7rocnnet6ilayerD0Ev
FN:20,_ZNK7rocnnet6ilayer5cloneENSt7__cxx1112basic_stringIcSt11char_traitsIcESaIcEEE
FN:25,_ZN7rocnnet6ilayer4moveEv
FN:30,_ZN7rocnnet6ilayeraSERKS0_
FN:39,_ZN7rocnnet6ilayeraSEOS0_
FN:48,_ZN7rocnnet6ilayerC2ERKS0_NSt7__cxx1112basic_stringIcSt11char_traitsIcESaIcEEE
FN:60,_ZN7rocnnet6ilayerC2EOS0_
FN:63,_Z41__static_initialization_and_destruction_0ii
FN:63,_GLOBAL__sub_I_ilayer.cpp
FNDA:0,_ZN7rocnnet6ilayeraSERKS0_
FNDA:48,_ZN7rocnnet6ilayerC2ERKS0_NSt7__cxx1112basic_stringIcSt11char_traitsIcESaIcEEE
FNDA:4,_Z41__static_initialization_and_destruction_0ii
FNDA:0,_ZN7rocnnet6ilayeraSEOS0_
FNDA:4,_GLOBAL__sub_I_ilayer.cpp
FNDA:4,_ZN7rocnnet6ilayerC2EOS0_
FNDA:0,_ZNK7rocnnet6ilayer5cloneENSt7__cxx1112basic_stringIcSt11char_traitsIcESaIcEEE
FNDA:0,_ZN7rocnnet6ilayer4moveEv
FNDA:64,_ZN7rocnnet6ilayerD2Ev
FNDA:0,_ZN7rocnnet6ilayerD0Ev
FNDA:12,_ZN7rocnnet6ilayerC2ENSt7__cxx1112basic_stringIcSt11char_traitsIcESaIcEEE
FNF:11
FNH:6
DA:16,12
DA:18,64
DA:20,0
DA:22,0
DA:25,0
DA:27,0
DA:30,0
DA:32,0
DA:34,0
DA:36,0
DA:39,0
DA:41,0
DA:43,0
DA:45,0
DA:48,48
DA:50,48
DA:52,0
DA:56,48
DA:58,48
DA:60,4
DA:61,4
DA:63,12
LF:22
LH:9
end_of_record
TN:
SF:/usr/src/rocapp/app/rocnnet/src/models/dq_net.cpp
FN:18,_ZN7rocnnet6dq_netC2EPNS_3mlpERN4nnet10gd_updaterENS_9dqn_paramENSt7__cxx1112basic_stringIcSt11char_traitsIcESaIcEEE
FN:31,_ZN7rocnnet6dq_netD2Ev
FN:36,_ZN7rocnnet6dq_netC2ERKS0_NSt7__cxx1112basic_stringIcSt11char_traitsIcESaIcEEE
FN:41,_ZN7rocnnet6dq_netC2EOS0_NSt7__cxx1112basic_stringIcSt11char_traitsIcESaIcEEE
FN:46,_ZN7rocnnet6dq_netaSERKS0_
FN:56,_ZN7rocnnet6dq_netaSEOS0_
FN:66,_ZN7rocnnet6dq_netclERSt6vectorIdSaIdEE
FN:72,_ZN7rocnnet6dq_net6actionERSt6vectorIdSaIdEE
FN:87,_ZN7rocnnet6dq_net5storeESt6vectorIdSaIdEEmdS3_
FN:102,_ZN7rocnnet6dq_net5trainEv
FN:164,_ZN7rocnnet6dq_net10initializeENSt7__cxx1112basic_stringIcSt11char_traitsIcESaIcEEES6_
FN:171,_ZNK7rocnnet6dq_net4saveENSt7__cxx1112basic_stringIcSt11char_traitsIcESaIcEEES6_
FN:179,_ZN7rocnnet6dq_net9tear_downEv
FN:223,_ZN7rocnnet6dq_net11copy_helperERKS0_NSt7__cxx1112basic_stringIcSt11char_traitsIcESaIcEEE
FN:246,_ZN7rocnnet6dq_net11move_helperEOS0_NSt7__cxx1112basic_stringIcSt11char_traitsIcESaIcEEE
FN:269,_ZN7rocnnet6dq_net14variable_setupEv
FN:306,_ZZN7rocnnet6dq_net14variable_setupEvENKUlN4nnet6varptrIdEEPNS1_8variableIdEEE_clES3_S6_
FN:327,_ZNK7rocnnet6dq_net16linear_annealingEd
FN:335,_ZN7rocnnet6dq_net10get_randomEv
FN:340,_ZN7rocnnet6dq_net13random_sampleEv
FN:354,_Z41__static_initialization_and_destruction_1ii
FN:354,_Z41__static_initialization_and_destruction_0ii
FN:354,_GLOBAL__sub_I_dq_net.cpp
FNDA:25005,_ZN7rocnnet6dq_net5storeESt6vectorIdSaIdEEmdS3_
FNDA:8,_ZN7rocnnet6dq_net14variable_setupEv
FNDA:25005,_ZN7rocnnet6dq_net5trainEv
FNDA:0,_ZN7rocnnet6dq_netaSERKS0_
FNDA:32,_ZZN7rocnnet6dq_net14variable_setupEvENKUlN4nnet6varptrIdEEPNS1_8variableIdEEE_clES3_S6_
FNDA:0,_ZNK7rocnnet6dq_net4saveENSt7__cxx1112basic_stringIcSt11char_traitsIcESaIcEEES6_
FNDA:4,_ZN7rocnnet6dq_net11copy_helperERKS0_NSt7__cxx1112basic_stringIcSt11char_traitsIcESaIcEEE
FNDA:2,_ZN7rocnnet6dq_netC2EOS0_NSt7__cxx1112basic_stringIcSt11char_traitsIcESaIcEEE
FNDA:25320,_ZNK7rocnnet6dq_net16linear_annealingEd
FNDA:2,_ZN7rocnnet6dq_netC2EPNS_3mlpERN4nnet10gd_updaterENS_9dqn_paramENSt7__cxx1112basic_stringIcSt11char_traitsIcESaIcEEE
FNDA:2,_GLOBAL__sub_I_dq_net.cpp
FNDA:8,_ZN7rocnnet6dq_net9tear_downEv
FNDA:0,_ZN7rocnnet6dq_netaSEOS0_
FNDA:4,_ZN7rocnnet6dq_netC2ERKS0_NSt7__cxx1112basic_stringIcSt11char_traitsIcESaIcEEE
FNDA:2,_Z41__static_initialization_and_destruction_1ii
FNDA:2,_Z41__static_initialization_and_destruction_0ii
FNDA:0,_ZN7rocnnet6dq_netclERSt6vectorIdSaIdEE
FNDA:2,_ZN7rocnnet6dq_net11move_helperEOS0_NSt7__cxx1112basic_stringIcSt11char_traitsIcESaIcEEE
FNDA:26609,_ZN7rocnnet6dq_net10get_randomEv
FNDA:4994,_ZN7rocnnet6dq_net13random_sampleEv
FNDA:8,_ZN7rocnnet6dq_netD2Ev
FNDA:25320,_ZN7rocnnet6dq_net6actionERSt6vectorIdSaIdEE
FNDA:4,_ZN7rocnnet6dq_net10initializeENSt7__cxx1112basic_stringIcSt11char_traitsIcESaIcEEES6_
FNF:23
FNH:19
DA:18,2
DA:20,2
DA:23,2
DA:25,2
DA:26,2
DA:28,2
DA:29,2
DA:31,16
DA:33,8
DA:34,8
DA:36,4
DA:38,4
DA:39,4
DA:41,2
DA:43,2
DA:44,2
DA:46,0
DA:48,0
DA:50,0
DA:51,0
DA:53,0
DA:56,0
DA:58,0
DA:60,0
DA:61,0
DA:63,0
DA:66,0
DA:68,0
DA:69,0
DA:72,25320
DA:74,25320
DA:75,25320
DA:77,25320
DA:79,1289
DA:81,24031
DA:82,48062
DA:83,24031
DA:84,24031
DA:87,25005
DA:90,25005
DA:92,25005
DA:93,25005
DA:95,0
DA:96,0
DA:99,25005
DA:100,25005
DA:102,25005
DA:105,25005
DA:107,5030
DA:109,9988
DA:112,9988
DA:113,9988
DA:114,9988
DA:115,9988
DA:116,9988
DA:118,164802
DA:120,319616
DA:121,159808
DA:123,319616
DA:124,159808
DA:125,159808
DA:127,159808
DA:128,159808
DA:130,0
DA:131,0
DA:135,159808
DA:136,159808
DA:141,4994
DA:142,4994
DA:143,4994
DA:144,4994
DA:145,4994
DA:147,4994
DA:149,24970
DA:151,19976
DA:153,4994
DA:155,24970
DA:157,19976
DA:159,4994
DA:161,24969
DA:164,4
DA:166,4
DA:167,4
DA:168,4
DA:169,4
DA:171,0
DA:173,0
DA:174,0
DA:175,0
DA:176,0
DA:179,8
DA:183,8
DA:184,8
DA:185,8
DA:186,8
DA:188,8
DA:189,8
DA:190,8
DA:191,8
DA:192,8
DA:193,8
DA:195,8
DA:197,8
DA:198,8
DA:201,8
DA:202,8
DA:203,8
DA:204,8
DA:205,8
DA:206,8
DA:209,8
DA:210,8
DA:211,8
DA:212,8
DA:213,8
DA:214,8
DA:215,8
DA:218,8
DA:219,8
DA:220,8
DA:221,8
DA:223,4
DA:225,4
DA:228,4
DA:229,4
DA:230,4
DA:231,4
DA:232,4
DA:233,4
DA:234,4
DA:237,4
DA:238,4
DA:240,4
DA:241,4
DA:243,4
DA:244,4
DA:246,2
DA:248,2
DA:251,2
DA:252,2
DA:253,2
DA:254,2
DA:255,2
DA:256,2
DA:257,2
DA:260,2
DA:261,2
DA:263,2
DA:264,2
DA:266,2
DA:267,2
DA:269,8
DA:271,8
DA:272,8
DA:273,8
DA:274,8
DA:275,8
DA:276,8
DA:279,8
DA:280,8
DA:281,8
DA:283,8
DA:284,8
DA:287,8
DA:288,8
DA:291,16
DA:292,32
DA:293,8
DA:297,16
DA:298,16
DA:299,16
DA:300,8
DA:301,8
DA:304,8
DA:305,24
DA:306,32
DA:308,32
DA:309,32
DA:310,16
DA:313,16
DA:314,16
DA:315,8
DA:316,8
DA:317,40
DA:321,64
DA:322,64
DA:323,32
DA:325,8
DA:327,25320
DA:329,25320
DA:330,25320
DA:331,0
DA:332,0
DA:335,26609
DA:337,26609
DA:340,4994
DA:342,9988
DA:343,4994
DA:344,4994
DA:345,4994
DA:346,164802
DA:348,159808
DA:349,159808
DA:351,9988
DA:354,10
LF:205
LH:181
end_of_record
TN:
SF:/usr/src/rocapp/app/rocnnet/src/models/gd_net.cpp
FN:18,_ZN7rocnnet6gd_netC2EPNS_3mlpERN4nnet10gd_updaterENSt7__cxx1112basic_stringIcSt11char_traitsIcESaIcEEE
FN:32,_ZN7rocnnet6gd_netD2Ev
FN:37,_ZN7rocnnet6gd_netC2ERKS0_NSt7__cxx1112basic_stringIcSt11char_traitsIcESaIcEEE
FN:42,_ZN7rocnnet6gd_netC2EOS0_
FN:47,_ZN7rocnnet6gd_netaSERKS0_
FN:57,_ZN7rocnnet6gd_netaSEOS0_
FN:67,_ZN7rocnnet6gd_netclERSt6vectorIdSaIdEE
FN:78,_ZN7rocnnet6gd_net5trainERSt6vectorIdSaIdEES4_
FN:90,_ZN7rocnnet6gd_net10initializeENSt7__cxx1112basic_stringIcSt11char_traitsIcESaIcEEES6_
FN:96,_ZNK7rocnnet6gd_net4saveENSt7__cxx1112basic_stringIcSt11char_traitsIcESaIcEEES6_
FN:102,_ZN7rocnnet6gd_net5setupEv
FN:113,_ZN7rocnnet6gd_net11copy_helperERKS0_NSt7__cxx1112basic_stringIcSt11char_traitsIcESaIcEEE
FN:124,_ZN7rocnnet6gd_net11move_helperEOS0_
FN:136,_ZN7rocnnet6gd_net8clean_upEv
FN:152,_Z41__static_initialization_and_destruction_0ii
FN:152,_Z41__static_initialization_and_destruction_1ii
FN:152,_GLOBAL__sub_I_gd_net.cpp
FNDA:8,_ZN7rocnnet6gd_net5setupEv
FNDA:2,_ZN7rocnnet6gd_netC2EPNS_3mlpERN4nnet10gd_updaterENSt7__cxx1112basic_stringIcSt11char_traitsIcESaIcEEE
FNDA:0,_ZNK7rocnnet6gd_net4saveENSt7__cxx1112basic_stringIcSt11char_traitsIcESaIcEEES6_
FNDA:4,_ZN7rocnnet6gd_net10initializeENSt7__cxx1112basic_stringIcSt11char_traitsIcESaIcEEES6_
FNDA:6,_ZN7rocnnet6gd_net11copy_helperERKS0_NSt7__cxx1112basic_stringIcSt11char_traitsIcESaIcEEE
FNDA:2,_GLOBAL__sub_I_gd_net.cpp
FNDA:8,_ZN7rocnnet6gd_netD2Ev
FNDA:0,_ZN7rocnnet6gd_netaSERKS0_
FNDA:8,_ZN7rocnnet6gd_net8clean_upEv
FNDA:1503,_ZN7rocnnet6gd_netclERSt6vectorIdSaIdEE
FNDA:0,_ZN7rocnnet6gd_netaSEOS0_
FNDA:0,_ZN7rocnnet6gd_net11move_helperEOS0_
FNDA:2,_Z41__static_initialization_and_destruction_1ii
FNDA:2,_Z41__static_initialization_and_destruction_0ii
FNDA:6,_ZN7rocnnet6gd_netC2ERKS0_NSt7__cxx1112basic_stringIcSt11char_traitsIcESaIcEEE
FNDA:0,_ZN7rocnnet6gd_netC2EOS0_
FNDA:3005,_ZN7rocnnet6gd_net5trainERSt6vectorIdSaIdEES4_
FNF:17
FNH:12
DA:18,2
DA:20,2
DA:21,4
DA:23,2
DA:24,4
DA:25,2
DA:26,4
DA:27,2
DA:28,4
DA:29,2
DA:30,2
DA:32,16
DA:34,8
DA:35,8
DA:37,6
DA:39,6
DA:40,6
DA:42,0
DA:44,0
DA:45,0
DA:47,0
DA:49,0
DA:51,0
DA:52,0
DA:54,0
DA:57,0
DA:59,0
DA:61,0
DA:62,0
DA:64,0
DA:67,1503
DA:69,1503
DA:70,1503
DA:78,3005
DA:80,3005
DA:81,3005
DA:82,3005
DA:83,15025
DA:85,12020
DA:87,3005
DA:88,3005
DA:90,4
DA:92,4
DA:93,4
DA:94,4
DA:96,0
DA:98,0
DA:99,0
DA:102,8
DA:104,8
DA:105,16
DA:106,16
DA:107,16
DA:108,8
DA:109,8
DA:110,8
DA:111,8
DA:113,6
DA:115,6
DA:116,6
DA:117,6
DA:118,6
DA:119,6
DA:120,6
DA:121,6
DA:122,6
DA:124,0
DA:126,0
DA:127,0
DA:128,0
DA:129,0
DA:130,0
DA:131,0
DA:132,0
DA:133,0
DA:134,0
DA:136,8
DA:138,8
DA:139,8
DA:140,8
DA:141,8
DA:142,8
DA:143,8
DA:144,8
DA:145,8
DA:146,8
DA:147,8
DA:148,8
DA:149,8
DA:150,8
DA:152,10
LF:91
LH:65
end_of_record
TN:
SF:/usr/src/rocapp/app/tenncor/include/graph/connector/iconnector.hpp
FN:116,_ZN4nnet10iconnectorIdE5JListC2ERKS2_
FN:116,_ZN4nnet10iconnectorIdE5JListD2Ev
FN:116,_ZN4nnet10iconnectorIiE5JListaSERKS2_
FN:116,_ZN4nnet10iconnectorIiE5JListD2Ev
FN:116,_ZN4nnet10iconnectorIdE5JListaSERKS2_
FN:116,_ZN4nnet10iconnectorIiE5JListC2ERKS2_
FN:118,_ZN4nnet10iconnectorIdE5JListC2Ev
FN:118,_ZN4nnet10iconnectorIiE5JListC2Ev
FNDA:10896,_ZN4nnet10iconnectorIdE5JListaSERKS2_
FNDA:576,_ZN4nnet10iconnectorIiE5JListD2Ev
FNDA:0,_ZN4nnet10iconnectorIiE5JListaSERKS2_
FNDA:0,_ZN4nnet10iconnectorIiE5JListC2ERKS2_
FNDA:20864,_ZN4nnet10iconnectorIdE5JListD2Ev
FNDA:9968,_ZN4nnet10iconnectorIdE5JListC2Ev
FNDA:576,_ZN4nnet10iconnectorIiE5JListC2Ev
FNDA:10896,_ZN4nnet10iconnectorIdE5JListC2ERKS2_
FNF:8
FNH:6
DA:116,43232
DA:118,10544
LF:2
LH:2
end_of_record
TN:
SF:/usr/src/rocapp/app/tenncor/include/graph/leaf/constant.hpp
FN:28,_ZN4nnet8constantIdED0Ev
FN:28,_ZN4nnet8constantIdED2Ev
FN:28,_ZN4nnet8constantIiED2Ev
FN:28,_ZN4nnet8constantIiED0Ev
FNDA:0,_ZN4nnet8constantIiED0Ev
FNDA:28,_ZN4nnet8constantIiED2Ev
FNDA:4769,_ZN4nnet8constantIdED2Ev
FNDA:4741,_ZN4nnet8constantIdED0Ev
FNF:4
FNH:3
DA:28,9538
LF:1
LH:1
end_of_record
TN:
SF:/usr/src/rocapp/app/tenncor/include/graph/leaf/placeholder.hpp
FN:28,_ZN4nnet11placeholderIdED2Ev
FN:28,_ZN4nnet11placeholderIdED0Ev
FNDA:520,_ZN4nnet11placeholderIdED2Ev
FNDA:168,_ZN4nnet11placeholderIdED0Ev
FNF:2
FNH:2
DA:28,688
LF:1
LH:1
end_of_record
TN:
SF:/usr/src/rocapp/app/tenncor/include/graph/leaf/variable.hpp
FN:31,_ZN4nnet8variableIiEC2EOS1_
FN:31,_ZN4nnet8variableIdED2Ev
FN:31,_ZN4nnet8variableIdEC2ERKS1_
FN:31,_ZN4nnet8variableIiED2Ev
FN:31,_ZN4nnet8variableIdEaSEOS1_
FN:31,_ZN4nnet8variableIiED0Ev
FN:31,_ZN4nnet8variableIiEC2ERKS1_
FN:31,_ZN4nnet8variableIdEC2EOS1_
FN:31,_ZN4nnet8variableIdEaSERKS1_
FN:31,_ZN4nnet8variableIdED0Ev
FNDA:320,_ZN4nnet8variableIiED2Ev
FNDA:128,_ZN4nnet8variableIdEaSEOS1_
FNDA:192,_ZN4nnet8variableIdEC2ERKS1_
FNDA:0,_ZN4nnet8variableIiEC2EOS1_
FNDA:4601,_ZN4nnet8variableIdED2Ev
FNDA:0,_ZN4nnet8variableIiED0Ev
FNDA:128,_ZN4nnet8variableIdEaSERKS1_
FNDA:0,_ZN4nnet8variableIiEC2ERKS1_
FNDA:128,_ZN4nnet8variableIdEC2EOS1_
FNDA:1785,_ZN4nnet8variableIdED0Ev
FNF:10
FNH:7
DA:31,7282
LF:1
LH:1
end_of_record
TN:
SF:/usr/src/rocapp/app/tenncor/include/graph/varptr.hpp
FN:27,_ZN4nnet6varptrIiEC2ERKS1_
FN:27,_ZN4nnet6varptrIdEaSERKS1_
FN:27,_ZN4nnet6varptrIdEC2ERKS1_
FN:27,_ZN4nnet6varptrIiEaSERKS1_
FN:33,_ZN4nnet6varptrIdEC2Ev
FN:33,_ZN4nnet6varptrIiEC2Ev
FN:38,_ZN4nnet6varptrIdED2Ev
FN:38,_ZN4nnet6varptrIdED0Ev
FN:38,_ZN4nnet6varptrIiED2Ev
FN:38,_ZN4nnet6varptrIiED0Ev
FNDA:704,_ZN4nnet6varptrIiEC2Ev
FNDA:0,_ZN4nnet6varptrIiEaSERKS1_
FNDA:0,_ZN4nnet6varptrIiED0Ev
FNDA:0,_ZN4nnet6varptrIdED0Ev
FNDA:3424,_ZN4nnet6varptrIiED2Ev
FNDA:1728,_ZN4nnet6varptrIiEC2ERKS1_
FNDA:7243,_ZN4nnet6varptrIdEaSERKS1_
FNDA:36053229,_ZN4nnet6varptrIdEC2ERKS1_
FNDA:37721,_ZN4nnet6varptrIdEC2Ev
FNDA:36122074,_ZN4nnet6varptrIdED2Ev
FNF:10
FNH:7
DA:27,36062200
DA:33,38425
DA:38,36125498
LF:3
LH:3
end_of_record
TN:
SF:/usr/src/rocapp/app/tenncor/include/memory/alloc_builder.hpp
FN:45,_ZNK4nnet13alloc_builder14check_registryINS_13default_allocEEEbm
FN:45,_ZNK4nnet13alloc_builder14check_registryI14mock_allocatorEEbm
FN:55,_ZN4nnet13alloc_builder12registertypeI14mock_allocatorEEbm
FN:55,_ZN4nnet13alloc_builder12registertypeINS_13default_allocEEEbm
FNDA:64,_ZNK4nnet13alloc_builder14check_registryI14mock_allocatorEEbm
FNDA:160,_ZN4nnet13alloc_builder12registertypeI14mock_allocatorEEbm
FNDA:96,_ZN4nnet13alloc_builder12registertypeINS_13default_allocEEEbm
FNDA:64,_ZNK4nnet13alloc_builder14check_registryINS_13default_allocEEEbm
FNF:4
FNH:4
DA:45,128
DA:47,128
DA:48,128
DA:49,128
DA:55,256
DA:59,256
DA:60,256
DA:62,138
DA:64,256
LF:9
LH:9
end_of_record
TN:
SF:/usr/src/rocapp/app/tenncor/include/memory/default_alloc.hpp
FN:22,_ZN4nnet13default_allocC2ERKS0_
FN:22,_ZN4nnet13default_allocC2Ev
FN:22,_ZN4nnet13default_allocD0Ev
FN:22,_ZN4nnet13default_allocD2Ev
FN:22,_ZN4nnet13default_allocC2EOS0_
FN:22,_ZN4nnet13default_allocaSEOS0_
FN:22,_ZN4nnet13default_allocaSERKS0_
FNDA:32,_ZN4nnet13default_allocaSERKS0_
FNDA:440,_ZN4nnet13default_allocD2Ev
FNDA:32,_ZN4nnet13default_allocC2EOS0_
FNDA:32,_ZN4nnet13default_allocaSEOS0_
FNDA:284,_ZN4nnet13default_allocC2Ev
FNDA:0,_ZN4nnet13default_allocC2ERKS0_
FNDA:124,_ZN4nnet13default_allocD0Ev
FNF:7
FNH:6
DA:22,944
LF:1
LH:1
end_of_record
TN:
SF:/usr/src/rocapp/app/tenncor/include/memory/iallocator.hpp
FN:35,_ZN4nnet10alloc_stat5clearEv
FN:38,_ZN4nnet10iallocatoraSERKS0_
FN:38,_ZN4nnet10iallocatorC2Ev
FN:38,_ZN4nnet10iallocatorC2ERKS0_
FN:44,_ZN4nnet10iallocatorD0Ev
FN:44,_ZN4nnet10iallocatorD2Ev
FN:55,_ZN4nnet10iallocator8allocateIdEEPT_m
FN:55,_ZN4nnet10iallocator8allocateIiEEPT_m
FN:55,_ZN4nnet10iallocator8allocateIjEEPT_m
FN:55,_ZN4nnet10iallocator8allocateImEEPT_m
FN:55,_ZN4nnet10iallocator8allocateItEEPT_m
FN:72,_ZN4nnet10iallocator7deallocImEEvPT_m
FN:72,_ZN4nnet10iallocator7deallocIdEEvPT_m
FN:72,_ZN4nnet10iallocator7deallocIiEEvPT_m
FNDA:96,_ZN4nnet10iallocator8allocateImEEPT_m
FNDA:32,_ZN4nnet10iallocatorC2ERKS0_
FNDA:32,_ZN4nnet10iallocator8allocateItEEPT_m
FNDA:24693,_ZN4nnet10iallocator7deallocIdEEvPT_m
FNDA:732,_ZN4nnet10iallocator7deallocIiEEvPT_m
FNDA:0,_ZN4nnet10alloc_stat5clearEv
FNDA:32,_ZN4nnet10iallocator8allocateIjEEPT_m
FNDA:532,_ZN4nnet10iallocatorD2Ev
FNDA:64,_ZN4nnet10iallocator7deallocImEEvPT_m
FNDA:376,_ZN4nnet10iallocatorC2Ev
FNDA:23487,_ZN4nnet10iallocator8allocateIdEEPT_m
FNDA:732,_ZN4nnet10iallocator8allocateIiEEPT_m
FNDA:64,_ZN4nnet10iallocatoraSERKS0_
FNDA:0,_ZN4nnet10iallocatorD0Ev
FNF:14
FNH:12
DA:35,0
DA:38,472
DA:44,532
DA:55,24379
DA:59,24379
DA:61,0
DA:64,24379
DA:65,24379
DA:66,24379
DA:72,25489
DA:74,25489
DA:76,24243
DA:78,25489
LF:13
LH:11
end_of_record
TN:
SF:/usr/src/rocapp/app/tenncor/include/tensor/itensor.hpp
FN:27,_ZN4nnet7itensorIdEC2Ev
FN:27,_ZN4nnet7itensorIiEC2Ev
FNDA:24357,_ZN4nnet7itensorIdEC2Ev
FNDA:732,_ZN4nnet7itensorIiEC2Ev
FNF:2
FNH:2
DA:27,25089
LF:1
LH:1
end_of_record
TN:
SF:/usr/src/rocapp/app/tenncor/include/tensor/tensor_handler.hpp
FN:25,_ZN4nnet8shape_ioC2ERKS0_
FN:25,_ZN4nnet8shape_ioC2EOS0_
FN:25,_ZN4nnet8shape_ioD2Ev
FN:36,_ZN4nnet15itensor_handlerIiEC2ERKS1_
FN:36,_ZN4nnet15itensor_handlerIdEaSERKS1_
FN:36,_ZN4nnet15itensor_handlerIiEC2Ev
FN:36,_ZN4nnet15itensor_handlerIdEC2Ev
FN:36,_ZN4nnet15itensor_handlerIdEC2ERKS1_
FN:40,_ZN4nnet15itensor_handlerIiED0Ev
FN:40,_ZN4nnet15itensor_handlerIdED2Ev
FN:40,_ZN4nnet15itensor_handlerIiED2Ev
FN:40,_ZN4nnet15itensor_handlerIdED0Ev
FN:62,_ZN4nnet15shape_extracterIdEC2EOS1_
FN:62,_ZN4nnet15shape_extracterIdED0Ev
FN:62,_ZN4nnet15shape_extracterIdEC2ERKS1_
FN:62,_ZN4nnet15shape_extracterIdED2Ev
FN:92,_ZN4nnet14default_assignIiEET_RKS1_S3_
FN:92,_ZN4nnet14default_assignIdEET_RKS1_S3_
FN:97,_ZN4nnet11assign_funcIdEC2Ev
FN:97,_ZN4nnet11assign_funcIdED0Ev
FN:97,_ZN4nnet11assign_funcIdED2Ev
FN:97,_ZN4nnet11assign_funcIiED0Ev
FN:97,_ZN4nnet11assign_funcIiEC2Ev
FN:97,_ZN4nnet11assign_funcIdEC2ERKS1_
FN:97,_ZN4nnet11assign_funcIdEC2EOS1_
FN:97,_ZN4nnet11assign_funcIiEC2EOS1_
FN:97,_ZN4nnet11assign_funcIiEC2ERKS1_
FN:97,_ZN4nnet11assign_funcIiED2Ev
FN:125,_ZN4nnet13transfer_funcIdEC2ERKS1_
FN:125,_ZN4nnet13transfer_funcIdED0Ev
FN:125,_ZN4nnet13transfer_funcIiEC2ERKS1_
FN:125,_ZN4nnet13transfer_funcIiEC2EOS1_
FN:125,_ZN4nnet13transfer_funcIdED2Ev
FN:125,_ZN4nnet13transfer_funcIdEC2EOS1_
FN:125,_ZN4nnet13transfer_funcIiED2Ev
FN:125,_ZN4nnet13transfer_funcIiED0Ev
FN:125,_ZN4nnet13transfer_funcIdEaSEOS1_
FN:125,_ZN4nnet13transfer_funcIdEaSERKS1_
FN:156,_ZN4nnet11initializerIiEC2Ev
FN:156,_ZN4nnet11initializerIdED2Ev
FN:156,_ZN4nnet11initializerIdEaSEOS1_
FN:156,_ZN4nnet11initializerIiED0Ev
FN:156,_ZN4nnet11initializerIdEC2ERKS1_
FN:156,_ZN4nnet11initializerIdEaSERKS1_
FN:156,_ZN4nnet11initializerIdED0Ev
FN:156,_ZN4nnet11initializerIiEC2ERKS1_
FN:156,_ZN4nnet11initializerIdEC2Ev
FN:156,_ZN4nnet11initializerIdEC2EOS1_
FN:156,_ZN4nnet11initializerIiED2Ev
FN:156,_ZN4nnet11initializerIiEC2EOS1_
FN:175,_ZN4nnet10const_initIdED2Ev
FN:175,_ZN4nnet10const_initIiEC2EOS1_
FN:175,_ZN4nnet10const_initIdEaSERKS1_
FN:175,_ZN4nnet10const_initIdED0Ev
FN:175,_ZN4nnet10const_initIdEC2EOS1_
FN:175,_ZN4nnet10const_initIiED0Ev
FN:175,_ZN4nnet10const_initIiED2Ev
FN:175,_ZN4nnet10const_initIdEaSEOS1_
FN:175,_ZN4nnet10const_initIdEC2ERKS1_
FN:175,_ZN4nnet10const_initIiEC2ERKS1_
FN:209,_ZN4nnet12rand_uniformIdEC2ERKS1_
FN:209,_ZN4nnet12rand_uniformIiED0Ev
FN:209,_ZN4nnet12rand_uniformIdEaSERKS1_
FN:209,_ZN4nnet12rand_uniformIdEaSEOS1_
FN:209,_ZN4nnet12rand_uniformIdEC2EOS1_
FN:209,_ZN4nnet12rand_uniformIiEC2ERKS1_
FN:209,_ZN4nnet12rand_uniformIdED2Ev
FN:209,_ZN4nnet12rand_uniformIiED2Ev
FN:209,_ZN4nnet12rand_uniformIiEC2EOS1_
FN:209,_ZN4nnet12rand_uniformIdED0Ev
FNDA:192,_ZN4nnet15itensor_handlerIdEaSERKS1_
FNDA:2769,_ZN4nnet10const_initIdED0Ev
FNDA:0,_ZN4nnet13transfer_funcIiEC2EOS1_
FNDA:12676,_ZN4nnet13transfer_funcIdED2Ev
FNDA:0,_ZN4nnet11initializerIdED0Ev
FNDA:32,_ZN4nnet10const_initIdEC2EOS1_
FNDA:0,_ZN4nnet11assign_funcIdEC2ERKS1_
FNDA:11202,_ZN4nnet11assign_funcIdED2Ev
FNDA:348,_ZN4nnet11assign_funcIiEC2Ev
FNDA:0,_ZN4nnet13transfer_funcIiEC2ERKS1_
FNDA:3280,_ZN4nnet11initializerIdEC2ERKS1_
FNDA:0,_ZN4nnet11assign_funcIiED0Ev
FNDA:64,_ZN4nnet11initializerIdEaSERKS1_
FNDA:32,_ZN4nnet10const_initIdEaSERKS1_
FNDA:12484,_ZN4nnet13transfer_funcIdED0Ev
FNDA:64,_ZN4nnet11initializerIdEaSEOS1_
FNDA:1292647,_ZN4nnet8shape_ioC2ERKS0_
FNDA:0,_ZN4nnet15itensor_handlerIiED0Ev
FNDA:3568,_ZN4nnet12rand_uniformIdED2Ev
FNDA:11210,_ZN4nnet11assign_funcIdEC2Ev
FNDA:0,_ZN4nnet11initializerIiED0Ev
FNDA:0,_ZN4nnet11assign_funcIdED0Ev
FNDA:0,_ZN4nnet10const_initIiEC2EOS1_
FNDA:416,_ZN4nnet12rand_uniformIiED2Ev
FNDA:320,_ZN4nnet15itensor_handlerIiEC2ERKS1_
FNDA:5938,_ZN4nnet10const_initIdED2Ev
FNDA:2056,_ZN4nnet12rand_uniformIdEC2ERKS1_
FNDA:0,_ZN4nnet14default_assignIiEET_RKS1_S3_
FNDA:9506,_ZN4nnet11initializerIdED2Ev
FNDA:124,_ZN4nnet11initializerIiEC2Ev
FNDA:320,_ZN4nnet12rand_uniformIiED0Ev
FNDA:32,_ZN4nnet12rand_uniformIdEC2EOS1_
FNDA:320,_ZN4nnet12rand_uniformIiEC2ERKS1_
FNDA:32,_ZN4nnet12rand_uniformIdEaSERKS1_
FNDA:32,_ZN4nnet12rand_uniformIdEaSEOS1_
FNDA:2415,_ZN4nnet13transfer_funcIdEC2ERKS1_
FNDA:348,_ZN4nnet11assign_funcIiED2Ev
FNDA:1224,_ZN4nnet10const_initIdEC2ERKS1_
FNDA:0,_ZN4nnet15shape_extracterIdEC2ERKS1_
FNDA:32,_ZN4nnet13transfer_funcIdEaSERKS1_
FNDA:0,_ZN4nnet11initializerIiEC2EOS1_
FNDA:0,_ZN4nnet15itensor_handlerIdED0Ev
FNDA:5855,_ZN4nnet15itensor_handlerIdEC2ERKS1_
FNDA:3877845,_ZN4nnet8shape_ioD2Ev
FNDA:10458174,_ZN4nnet14default_assignIdEET_RKS1_S3_
FNDA:0,_ZN4nnet10const_initIiEC2ERKS1_
FNDA:8,_ZN4nnet15shape_extracterIdED2Ev
FNDA:0,_ZN4nnet12rand_uniformIiEC2EOS1_
FNDA:2056,_ZN4nnet12rand_uniformIdED0Ev
FNDA:0,_ZN4nnet11assign_funcIiEC2ERKS1_
FNDA:33392,_ZN4nnet15itensor_handlerIdED2Ev
FNDA:0,_ZN4nnet10const_initIiED0Ev
FNDA:64,_ZN4nnet11initializerIdEC2EOS1_
FNDA:32,_ZN4nnet10const_initIdEaSEOS1_
FNDA:1208,_ZN4nnet15itensor_handlerIiED2Ev
FNDA:8,_ZN4nnet15shape_extracterIdED0Ev
FNDA:28,_ZN4nnet10const_initIiED2Ev
FNDA:444,_ZN4nnet11initializerIiED2Ev
FNDA:27545,_ZN4nnet15itensor_handlerIdEC2Ev
FNDA:1292583,_ZN4nnet8shape_ioC2EOS0_
FNDA:416,_ZN4nnet13transfer_funcIiED2Ev
FNDA:888,_ZN4nnet15itensor_handlerIiEC2Ev
FNDA:416,_ZN4nnet13transfer_funcIiED0Ev
FNDA:6162,_ZN4nnet11initializerIdEC2Ev
FNDA:32,_ZN4nnet13transfer_funcIdEaSEOS1_
FNDA:0,_ZN4nnet11assign_funcIiEC2EOS1_
FNDA:320,_ZN4nnet11initializerIiEC2ERKS1_
FNDA:96,_ZN4nnet13transfer_funcIdEC2EOS1_
FNDA:0,_ZN4nnet15shape_extracterIdEC2EOS1_
FNDA:0,_ZN4nnet11assign_funcIdEC2EOS1_
FNF:70
FNH:50
DA:25,6463075
DA:36,34800
DA:40,34600
DA:62,16
DA:92,10458174
DA:97,23108
DA:125,28567
DA:156,20028
DA:175,10055
DA:209,8832
LF:10
LH:10
end_of_record
TN:
SF:/usr/src/rocapp/app/tenncor/include/tensor/tensorshape.hpp
FN:32,_ZN4nnet11tensorshapeaSERKS0_
FN:32,_ZN4nnet11tensorshapeC2EOS0_
FN:32,_ZN4nnet11tensorshapeC2ERKS0_
FN:32,_ZN4nnet11tensorshapeD2Ev
FN:32,_ZN4nnet11tensorshapeaSEOS0_
FN:36,_ZN4nnet11tensorshapeC2Ev
FNDA:6990099,_ZN4nnet11tensorshapeC2EOS0_
FNDA:1204230,_ZN4nnet11tensorshapeaSERKS0_
FNDA:1031678,_ZN4nnet11tensorshapeC2Ev
FNDA:472,_ZN4nnet11tensorshapeaSEOS0_
FNDA:20013104,_ZN4nnet11tensorshapeD2Ev
FNDA:11511261,_ZN4nnet11tensorshapeC2ERKS0_
FNF:6
FNH:6
DA:32,39719166
DA:36,1031678
LF:2
LH:2
end_of_record
TN:
SF:/usr/src/rocapp/app/tenncor/include/utils/gd_utils.hpp
FN:22,_ZN4nnet10gd_updateraSERKS0_
FN:22,_ZN4nnet10gd_updaterC2ERKS0_
FN:34,_ZZN4nnet10gd_updater9calculateEPNS_5inodeIdEESt8functionIFNS_6varptrIdEES6_PNS_8variableIdEEEEEd_NKUlS6_S9_E_clES6_S9_
FN:57,_ZN4nnet11vgb_updaterC2ERKS0_
FN:57,_ZN4nnet11vgb_updaterD2Ev
FN:57,_ZN4nnet11vgb_updaterD0Ev
FN:57,_ZN4nnet11vgb_updaterC2EOS0_
FN:87,_ZN4nnet16momentum_updaterC2ERKS0_
FN:87,_ZN4nnet16momentum_updaterC2EOS0_
FN:87,_ZN4nnet16momentum_updaterD0Ev
FN:87,_ZN4nnet16momentum_updaterD2Ev
FN:111,_ZN4nnet16adadelta_updaterC2ERKS0_
FN:111,_ZN4nnet16adadelta_updaterD0Ev
FN:111,_ZN4nnet16adadelta_updaterD2Ev
FN:111,_ZN4nnet16adadelta_updaterC2EOS0_
FN:134,_ZN4nnet14adagradupdaterC2EOS0_
FN:134,_ZN4nnet14adagradupdaterD0Ev
FN:134,_ZN4nnet14adagradupdaterC2ERKS0_
FN:134,_ZN4nnet14adagradupdaterD2Ev
FNDA:8,_ZN4nnet11vgb_updaterC2ERKS0_
FNDA:32,_ZZN4nnet10gd_updater9calculateEPNS_5inodeIdEESt8functionIFNS_6varptrIdEES6_PNS_8variableIdEEEEEd_NKUlS6_S9_E_clES6_S9_
FNDA:0,_ZN4nnet16adadelta_updaterC2ERKS0_
FNDA:0,_ZN4nnet14adagradupdaterC2EOS0_
FNDA:0,_ZN4nnet16momentum_updaterC2ERKS0_
FNDA:0,_ZN4nnet16adadelta_updaterD2Ev
FNDA:0,_ZN4nnet14adagradupdaterD0Ev
FNDA:0,_ZN4nnet16adadelta_updaterD0Ev
FNDA:8,_ZN4nnet11vgb_updaterD0Ev
FNDA:0,_ZN4nnet14adagradupdaterC2ERKS0_
FNDA:0,_ZN4nnet16momentum_updaterC2EOS0_
FNDA:10,_ZN4nnet11vgb_updaterD2Ev
FNDA:0,_ZN4nnet10gd_updateraSERKS0_
FNDA:0,_ZN4nnet14adagradupdaterD2Ev
FNDA:0,_ZN4nnet16adadelta_updaterC2EOS0_
FNDA:0,_ZN4nnet11vgb_updaterC2EOS0_
FNDA:16,_ZN4nnet10gd_updaterC2ERKS0_
FNDA:0,_ZN4nnet16momentum_updaterD0Ev
FNDA:0,_ZN4nnet16momentum_updaterD2Ev
FNF:19
FNH:5
DA:22,16
DA:34,32
DA:57,26
DA:87,0
DA:111,0
DA:134,0
DA:195,10
LF:7
LH:4
end_of_record
TN:
SF:/usr/src/rocapp/app/tenncor/include/utils/utils.hpp
FN:57,_ZN7nnutils9formatterlsIdEERS0_RKT_
FN:57,_ZN7nnutils9formatterlsIA7_cEERS0_RKT_
FN:57,_ZN7nnutils9formatterlsIA3_cEERS0_RKT_
FN:57,_ZN7nnutils9formatterlsIiEERS0_RKT_
FN:57,_ZN7nnutils9formatterlsIA8_cEERS0_RKT_
FN:57,_ZN7nnutils9formatterlsIA15_cEERS0_RKT_
FN:57,_ZN7nnutils9formatterlsIA6_cEERS0_RKT_
FN:57,_ZN7nnutils9formatterlsIA19_cEERS0_RKT_
FN:57,_ZN7nnutils9formatterlsIA48_cEERS0_RKT_
FN:57,_ZN7nnutils9formatterlsIA11_cEERS0_RKT_
FN:57,_ZN7nnutils9formatterlsIA37_cEERS0_RKT_
FN:57,_ZN7nnutils9formatterlsIA12_cEERS0_RKT_
FN:57,_ZN7nnutils9formatterlsIA26_cEERS0_RKT_
FN:57,_ZN7nnutils9formatterlsIA5_cEERS0_RKT_
FN:57,_ZN7nnutils9formatterlsINSt7__cxx1112basic_stringIcSt11char_traitsIcESaIcEEEEERS0_RKT_
FN:57,_ZN7nnutils9formatterlsIA9_cEERS0_RKT_
FN:57,_ZN7nnutils9formatterlsIA2_cEERS0_RKT_
FN:57,_ZN7nnutils9formatterlsIA10_cEERS0_RKT_
FN:57,_ZN7nnutils9formatterlsIA21_cEERS0_RKT_
FN:57,_ZN7nnutils9formatterlsIA39_cEERS0_RKT_
FN:57,_ZN7nnutils9formatterlsIA13_cEERS0_RKT_
FN:57,_ZN7nnutils9formatterlsImEERS0_RKT_
FN:66,_ZN7nnutils9formatterlsImEERS0_RKSt6vectorIT_SaIS4_EE
FNDA:2192,_ZN7nnutils9formatterlsIA3_cEERS0_RKT_
FNDA:40,_ZN7nnutils9formatterlsIA7_cEERS0_RKT_
FNDA:9065,_ZN7nnutils9formatterlsIdEERS0_RKT_
FNDA:28,_ZN7nnutils9formatterlsIiEERS0_RKT_
FNDA:32,_ZN7nnutils9formatterlsIA8_cEERS0_RKT_
FNDA:0,_ZN7nnutils9formatterlsIA6_cEERS0_RKT_
FNDA:32,_ZN7nnutils9formatterlsIA15_cEERS0_RKT_
FNDA:0,_ZN7nnutils9formatterlsIA48_cEERS0_RKT_
FNDA:0,_ZN7nnutils9formatterlsIA19_cEERS0_RKT_
FNDA:288,_ZN7nnutils9formatterlsIA26_cEERS0_RKT_
FNDA:304,_ZN7nnutils9formatterlsINSt7__cxx1112basic_stringIcSt11char_traitsIcESaIcEEEEERS0_RKT_
FNDA:1872,_ZN7nnutils9formatterlsIA5_cEERS0_RKT_
FNDA:0,_ZN7nnutils9formatterlsIA37_cEERS0_RKT_
FNDA:240,_ZN7nnutils9formatterlsIA12_cEERS0_RKT_
FNDA:892,_ZN7nnutils9formatterlsIA11_cEERS0_RKT_
FNDA:32,_ZN7nnutils9formatterlsIA39_cEERS0_RKT_
FNDA:288,_ZN7nnutils9formatterlsImEERS0_RKSt6vectorIT_SaIS4_EE
FNDA:0,_ZN7nnutils9formatterlsIA21_cEERS0_RKT_
FNDA:1172,_ZN7nnutils9formatterlsIA2_cEERS0_RKT_
FNDA:40,_ZN7nnutils9formatterlsIA9_cEERS0_RKT_
FNDA:104,_ZN7nnutils9formatterlsIA10_cEERS0_RKT_
FNDA:2656,_ZN7nnutils9formatterlsIA13_cEERS0_RKT_
FNDA:4952,_ZN7nnutils9formatterlsImEERS0_RKT_
FNF:23
FNH:18
DA:57,23941
DA:59,23941
DA:60,23941
DA:66,288
DA:68,288
DA:69,288
DA:70,288
DA:71,14070
DA:73,6891
DA:74,6891
DA:76,288
LF:11
LH:11
end_of_record
TN:
SF:/usr/src/rocapp/app/tenncor/src/graph/connector/iconnector.ipp
FN:17,_ZN4nnet6to_conIiNS_5inodeIiEEEESt6vectorIPNS_10iconnectorIT_EESaIS7_EES3_IPT0_SaISB_EE
FN:17,_ZN4nnet6to_conIdNS_5inodeIdEEEESt6vectorIPNS_10iconnectorIT_EESaIS7_EES3_IPT0_SaISB_EE
FN:31,_ZN4nnet10iconnectorIiED2Ev
FN:31,_ZN4nnet10iconnectorIiED0Ev
FN:31,_ZN4nnet10iconnectorIdED2Ev
FN:31,_ZN4nnet10iconnectorIdED0Ev
FN:49,_ZN4nnet10iconnectorIiEaSERKS1_
FN:49,_ZN4nnet10iconnectorIdEaSERKS1_
FN:61,_ZN4nnet10iconnectorIiEaSEOS1_
FN:61,_ZN4nnet10iconnectorIdEaSEOS1_
FN:73,_ZNK4nnet10iconnectorIiE8get_nameB5cxx11Ev
FN:73,_ZNK4nnet10iconnectorIdE8get_nameB5cxx11Ev
FN:99,_ZNK4nnet10iconnectorIdE13get_argumentsEv
FN:99,_ZNK4nnet10iconnectorIiE13get_argumentsEv
FN:103,_ZZNK4nnet10iconnectorIdE13get_argumentsEvENKUlPNS_7subjectEE_clES3_
FN:103,_ZZNK4nnet10iconnectorIiE13get_argumentsEvENUlPNS_7subjectEE_4_FUNES3_
FN:103,_ZZNK4nnet10iconnectorIdE13get_argumentsEvENUlPNS_7subjectEE_4_FUNES3_
FN:103,_ZZNK4nnet10iconnectorIiE13get_argumentsEvENKUlPNS_7subjectEE_clES3_
FN:108,_ZNK4nnet10iconnectorIdE11n_argumentsEv
FN:108,_ZNK4nnet10iconnectorIiE11n_argumentsEv
FN:114,_ZN4nnet10iconnectorIdE4evalEv
FN:114,_ZN4nnet10iconnectorIiE4evalEv
FN:121,_ZNK4nnet10iconnectorIiE13is_same_graphEPKS1_
FN:121,_ZNK4nnet10iconnectorIdE13is_same_graphEPKS1_
FN:127,_ZNK4nnet10iconnectorIdE20potential_descendentEPKS1_
FN:127,_ZNK4nnet10iconnectorIiE20potential_descendentEPKS1_
FN:145,_ZN4nnet10iconnectorIdE18set_jacobian_frontESt8functionIFPNS_5inodeIdEES5_St6vectorIS5_SaIS5_EES8_EES6_IPNS_8variableIdEESaISD_EE
FN:145,_ZN4nnet10iconnectorIiE18set_jacobian_frontESt8functionIFPNS_5inodeIiEES5_St6vectorIS5_SaIS5_EES8_EES6_IPNS_8variableIiEESaISD_EE
FN:154,_ZN4nnet10iconnectorIiE17set_jacobian_backESt8functionIFPNS_5inodeIiEES5_St6vectorIS5_SaIS5_EES8_EES6_IPNS_8variableIiEESaISD_EE
FN:154,_ZN4nnet10iconnectorIdE17set_jacobian_backESt8functionIFPNS_5inodeIdEES5_St6vectorIS5_SaIS5_EES8_EES6_IPNS_8variableIdEESaISD_EE
FN:163,_ZN4nnet10iconnectorIdE13freeze_statusEb
FN:174,_ZN4nnet10iconnectorIdEC2ESt6vectorIPNS_5inodeIdEESaIS5_EENSt7__cxx1112basic_stringIcSt11char_traitsIcESaIcEEE
FN:174,_ZN4nnet10iconnectorIiEC2ESt6vectorIPNS_5inodeIiEESaIS5_EENSt7__cxx1112basic_stringIcSt11char_traitsIcESaIcEEE
FN:209,_ZN4nnet10iconnectorIiEC2ERKS1_
FN:209,_ZN4nnet10iconnectorIdEC2ERKS1_
FN:217,_ZN4nnet10iconnectorIdEC2EOS1_
FN:217,_ZN4nnet10iconnectorIiEC2EOS1_
FN:225,_ZN4nnet10iconnectorIdE12update_graphESt6vectorIPS1_SaIS3_EE
FN:225,_ZN4nnet10iconnectorIiE12update_graphESt6vectorIPS1_SaIS3_EE
FN:243,_ZNK4nnet10iconnectorIdE13jacobian_callENS_6varptrIdEEPNS_8variableIdEE
FN:243,_ZNK4nnet10iconnectorIiE13jacobian_callENS_6varptrIiEEPNS_8variableIiEE
FN:258,_ZZNK4nnet10iconnectorIdE13jacobian_callENS_6varptrIdEEPNS_8variableIdEEENKUlPNS_5inodeIdEEE_clES9_
FN:258,_ZZNK4nnet10iconnectorIiE13jacobian_callENS_6varptrIiEEPNS_8variableIiEEENKUlPNS_5inodeIiEEE_clES9_
FN:270,_ZN4nnet10iconnectorIdE11copy_helperERKS1_
FN:270,_ZN4nnet10iconnectorIiE11copy_helperERKS1_
FN:280,_ZN4nnet10iconnectorIdE11move_helperEOS1_
FN:280,_ZN4nnet10iconnectorIiE11move_helperEOS1_
FN:298,_ZN4nnet10iconnectorIdE19jacobian_correctionEPKNS_5inodeIdEE
FN:298,_ZN4nnet10iconnectorIiE19jacobian_correctionEPKNS_5inodeIiEE
FN:318,_ZNK4nnet13small_leafsetIiEclEPKNS_10iconnectorIiEES5_
FN:318,_ZNK4nnet13small_leafsetIdEclEPKNS_10iconnectorIdEES5_
FN:327,_ZN4nnet10iconnectorIdE13graph_manager3getEPS1_S3_
FN:327,_ZN4nnet10iconnectorIiE13graph_manager3getEPS1_S3_
FN:341,_ZN4nnet10iconnectorIiE13graph_manager7suicideEPS1_
FN:341,_ZN4nnet10iconnectorIdE13graph_manager7suicideEPS1_
FN:347,_ZN4nnet10iconnectorIiE13graph_manager7consumeEPS2_
FN:347,_ZN4nnet10iconnectorIdE13graph_manager7consumeEPS2_
FN:365,_ZN4nnet10iconnectorIdE13graph_manager10add_updateEPS1_St8functionIFvvEE
FN:365,_ZN4nnet10iconnectorIiE13graph_manager10add_updateEPS1_St8functionIFvvEE
FN:375,_ZN4nnet10iconnectorIiE13graph_manager6updateEv
FN:375,_ZN4nnet10iconnectorIdE13graph_manager6updateEv
FN:397,_ZN4nnet10iconnectorIiE13graph_managerC2Ev
FN:397,_ZN4nnet10iconnectorIdE13graph_managerC2Ev
FN:399,_ZN4nnet10iconnectorIdE13graph_managerD2Ev
FN:399,_ZN4nnet10iconnectorIiE13graph_managerD2Ev
FNDA:160,_ZN4nnet10iconnectorIdEC2ERKS1_
FNDA:0,_ZN4nnet10iconnectorIiE18set_jacobian_frontESt8functionIFPNS_5inodeIiEES5_St6vectorIS5_SaIS5_EES8_EES6_IPNS_8variableIiEESaISD_EE
FNDA:0,_ZN4nnet10iconnectorIiED0Ev
FNDA:160,_ZN4nnet10iconnectorIdEaSERKS1_
FNDA:0,_ZN4nnet10iconnectorIiEC2EOS1_
FNDA:5507,_ZN4nnet10iconnectorIdE13graph_managerC2Ev
FNDA:0,_ZNK4nnet10iconnectorIiE11n_argumentsEv
FNDA:0,_ZNK4nnet10iconnectorIiE8get_nameB5cxx11Ev
FNDA:0,_ZNK4nnet10iconnectorIiE20potential_descendentEPKS1_
FNDA:0,_ZZNK4nnet10iconnectorIiE13jacobian_callENS_6varptrIiEEPNS_8variableIiEEENKUlPNS_5inodeIiEEE_clES9_
FNDA:128,_ZNK4nnet10iconnectorIiE13get_argumentsEv
FNDA:4318,_ZNK4nnet10iconnectorIdE20potential_descendentEPKS1_
FNDA:15998,_ZN4nnet10iconnectorIdE13freeze_statusEb
FNDA:13228,_ZN4nnet6to_conIdNS_5inodeIdEEEESt6vectorIPNS_10iconnectorIT_EESaIS7_EES3_IPT0_SaISB_EE
FNDA:0,_ZN4nnet10iconnectorIiE11move_helperEOS1_
FNDA:256,_ZZNK4nnet10iconnectorIiE13get_argumentsEvENKUlPNS_7subjectEE_clES3_
FNDA:1805714,_ZNK4nnet13small_leafsetIdEclEPKNS_10iconnectorIdEES5_
FNDA:32,_ZNK4nnet10iconnectorIdE8get_nameB5cxx11Ev
FNDA:288,_ZN4nnet10iconnectorIiE13graph_manager10add_updateEPS1_St8functionIFvvEE
FNDA:0,_ZN4nnet10iconnectorIdED0Ev
FNDA:26314,_ZN4nnet10iconnectorIdE13graph_manager7suicideEPS1_
FNDA:0,_ZN4nnet10iconnectorIiE11copy_helperERKS1_
FNDA:59146,_ZN4nnet10iconnectorIdE13graph_manager6updateEv
FNDA:0,_ZN4nnet10iconnectorIiE19jacobian_correctionEPKNS_5inodeIiEE
FNDA:949859,_ZN4nnet10iconnectorIdE13graph_manager10add_updateEPS1_St8functionIFvvEE
FNDA:416,_ZN4nnet10iconnectorIiE12update_graphESt6vectorIPS1_SaIS3_EE
FNDA:224,_ZN4nnet10iconnectorIiE13graph_managerD2Ev
FNDA:13548,_ZN4nnet10iconnectorIdED2Ev
FNDA:160,_ZN4nnet10iconnectorIdEaSEOS1_
FNDA:224,_ZN4nnet10iconnectorIiE13graph_managerC2Ev
FNDA:6840,_ZZNK4nnet10iconnectorIdE13get_argumentsEvENKUlPNS_7subjectEE_clES3_
FNDA:13228,_ZN4nnet10iconnectorIdEC2ESt6vectorIPNS_5inodeIdEESaIS5_EENSt7__cxx1112basic_stringIcSt11char_traitsIcESaIcEEE
FNDA:544,_ZN4nnet10iconnectorIiE13graph_manager6updateEv
FNDA:160,_ZN4nnet10iconnectorIdEC2EOS1_
FNDA:0,_ZN4nnet10iconnectorIiEC2ERKS1_
FNDA:0,_ZNK4nnet10iconnectorIiE13is_same_graphEPKS1_
FNDA:320,_ZN4nnet10iconnectorIdE11move_helperEOS1_
FNDA:144,_ZN4nnet10iconnectorIdE18set_jacobian_frontESt8functionIFPNS_5inodeIdEES5_St6vectorIS5_SaIS5_EES8_EES6_IPNS_8variableIdEESaISD_EE
FNDA:288,_ZN4nnet10iconnectorIiE17set_jacobian_backESt8functionIFPNS_5inodeIiEES5_St6vectorIS5_SaIS5_EES8_EES6_IPNS_8variableIiEESaISD_EE
FNDA:101615,_ZN4nnet10iconnectorIdE4evalEv
FNDA:320,_ZN4nnet10iconnectorIdE11copy_helperERKS1_
FNDA:0,_ZN4nnet10iconnectorIiEaSEOS1_
FNDA:544,_ZN4nnet10iconnectorIiE13graph_manager7suicideEPS1_
FNDA:2016,_ZNK4nnet10iconnectorIdE13jacobian_callENS_6varptrIdEEPNS_8variableIdEE
FNDA:704,_ZZNK4nnet10iconnectorIdE13jacobian_callENS_6varptrIdEEPNS_8variableIdEEENKUlPNS_5inodeIdEEE_clES9_
FNDA:13868,_ZN4nnet10iconnectorIdE13graph_manager3getEPS1_S3_
FNDA:5507,_ZN4nnet10iconnectorIdE13graph_managerD2Ev
FNDA:640,_ZN4nnet10iconnectorIdE19jacobian_correctionEPKNS_5inodeIdEE
FNDA:416,_ZN4nnet10iconnectorIiEC2ESt6vectorIPNS_5inodeIiEESaIS5_EENSt7__cxx1112basic_stringIcSt11char_traitsIcESaIcEEE
FNDA:784,_ZN4nnet10iconnectorIdE17set_jacobian_backESt8functionIFPNS_5inodeIdEES5_St6vectorIS5_SaIS5_EES8_EES6_IPNS_8variableIdEESaISD_EE
FNDA:422,_ZNK4nnet10iconnectorIdE13is_same_graphEPKS1_
FNDA:0,_ZZNK4nnet10iconnectorIdE13get_argumentsEvENUlPNS_7subjectEE_4_FUNES3_
FNDA:0,_ZNK4nnet10iconnectorIiE13jacobian_callENS_6varptrIiEEPNS_8variableIiEE
FNDA:416,_ZN4nnet6to_conIiNS_5inodeIiEEEESt6vectorIPNS_10iconnectorIT_EESaIS7_EES3_IPT0_SaISB_EE
FNDA:0,_ZN4nnet10iconnectorIiEaSERKS1_
FNDA:416,_ZN4nnet10iconnectorIiE13graph_manager3getEPS1_S3_
FNDA:13228,_ZN4nnet10iconnectorIdE12update_graphESt6vectorIPS1_SaIS3_EE
FNDA:3756,_ZNK4nnet10iconnectorIdE13get_argumentsEv
FNDA:0,_ZZNK4nnet10iconnectorIiE13get_argumentsEvENUlPNS_7subjectEE_4_FUNES3_
FNDA:3285,_ZN4nnet10iconnectorIdE13graph_manager7consumeEPS2_
FNDA:192,_ZNK4nnet13small_leafsetIiEclEPKNS_10iconnectorIiEES5_
FNDA:64,_ZN4nnet10iconnectorIiE13graph_manager7consumeEPS2_
FNDA:416,_ZN4nnet10iconnectorIiED2Ev
FNDA:0,_ZNK4nnet10iconnectorIdE11n_argumentsEv
FNDA:288,_ZN4nnet10iconnectorIiE4evalEv
FNF:65
FNH:46
DA:17,13644
DA:19,13644
DA:20,34121
DA:22,20477
DA:24,11262
DA:27,13644
DA:31,13964
DA:33,13964
DA:34,27928
DA:49,160
DA:51,160
DA:53,160
DA:54,160
DA:55,160
DA:57,160
DA:61,160
DA:63,160
DA:65,160
DA:66,160
DA:67,160
DA:69,160
DA:73,32
DA:75,64
DA:76,32
DA:77,32
DA:78,32
DA:79,32
DA:81,0
DA:83,32
DA:85,32
DA:86,32
DA:88,250
DA:90,109
DA:91,109
DA:93,109
DA:95,64
DA:99,3884
DA:101,3884
DA:102,3884
DA:103,7096
DA:104,3884
DA:108,0
DA:110,0
DA:114,101903
DA:116,101903
DA:117,101551
DA:121,422
DA:123,422
DA:127,4318
DA:130,8636
DA:131,8636
DA:133,4318
DA:134,8840
DA:136,6233
DA:138,1250
DA:141,2607
DA:145,144
DA:147,480
DA:149,336
DA:151,144
DA:154,1072
DA:156,3472
DA:158,2400
DA:160,1072
DA:163,15998
DA:165,15998
DA:166,15998
DA:168,7999
DA:170,15998
DA:171,15998
DA:174,13644
DA:176,13644
DA:178,27288
DA:181,34121
DA:183,20477
DA:185,20477
DA:187,20317
DA:189,22158
DA:191,10896
DA:192,10896
DA:194,10896
DA:195,54480
DA:196,44928
DA:198,10896
DA:202,20317
DA:205,13644
DA:206,13644
DA:209,160
DA:211,160
DA:213,160
DA:214,160
DA:217,160
DA:218,160
DA:219,160
DA:221,160
DA:222,160
DA:225,13644
DA:227,13644
DA:229,5731
DA:231,5731
DA:233,5731
DA:235,7913
DA:236,11262
DA:238,3349
DA:243,2016
DA:245,2016
DA:246,2016
DA:248,320
DA:249,672
DA:251,352
DA:253,352
DA:255,704
DA:256,704
DA:257,352
DA:258,704
DA:259,704
DA:261,704
DA:263,352
DA:266,2016
DA:270,320
DA:272,320
DA:273,320
DA:275,320
DA:276,320
DA:277,320
DA:280,320
DA:282,320
DA:283,320
DA:285,320
DA:287,160
DA:289,320
DA:290,320
DA:292,320
DA:293,320
DA:295,320
DA:298,640
DA:305,640
DA:307,0
DA:308,0
DA:310,0
DA:313,640
DA:318,1805906
DA:320,1805906
DA:327,14284
DA:329,14284
DA:330,14284
DA:331,14284
DA:332,14284
DA:333,14284
DA:334,14284
DA:341,26858
DA:343,26858
DA:344,26858
DA:345,26858
DA:347,3349
DA:349,3349
DA:350,3781
DA:352,1102
DA:353,1102
DA:355,1577
DA:356,3154
DA:357,14151
DA:359,12574
DA:360,12574
DA:362,1577
DA:365,950147
DA:368,950147
DA:370,564429
DA:371,564429
DA:373,950147
DA:375,623296
DA:377,1186902
DA:379,563958
DA:380,1127916
DA:381,563958
DA:382,563958
DA:383,563958
DA:384,563606
DA:386,59338
DA:397,5731
DA:399,5731
LF:181
LH:175
end_of_record
TN:
SF:/usr/src/rocapp/app/tenncor/src/graph/connector/immutable/base_immutable.ipp
FN:15,_ZN4nnet14base_immutableIdED0Ev
FN:15,_ZN4nnet14base_immutableIdED2Ev
FN:15,_ZN4nnet14base_immutableIiED2Ev
FN:15,_ZN4nnet14base_immutableIiED0Ev
FN:30,_ZN4nnet14base_immutableIdEaSERKS1_
FN:30,_ZN4nnet14base_immutableIiEaSERKS1_
FN:41,_ZN4nnet14base_immutableIiEaSEOS1_
FN:41,_ZN4nnet14base_immutableIdEaSEOS1_
FN:52,_ZN4nnet14base_immutableIdE6deriveEPNS_5inodeIdEE
FN:52,_ZN4nnet14base_immutableIiE6deriveEPNS_5inodeIiEE
FN:87,_ZNK4nnet14base_immutableIdE14temporary_evalEPKNS_10iconnectorIdEERPNS_5inodeIdEE
FN:87,_ZNK4nnet14base_immutableIiE14temporary_evalEPKNS_10iconnectorIiEERPNS_5inodeIiEE
FN:98,_ZNK4nnet14base_immutableIiE9get_shapeEv
FN:98,_ZNK4nnet14base_immutableIdE9get_shapeEv
FN:109,_ZNK4nnet14base_immutableIiE10get_leavesEv
FN:109,_ZNK4nnet14base_immutableIdE10get_leavesEv
FN:120,_ZNK4nnet14base_immutableIiE11good_statusEv
FN:120,_ZNK4nnet14base_immutableIdE11good_statusEv
FN:126,_ZN4nnet14base_immutableIiE10read_protoERKN7tenncor12tensor_protoE
FN:126,_ZN4nnet14base_immutableIdE10read_protoERKN7tenncor12tensor_protoE
FN:133,_ZN4nnet14base_immutableIdE6updateESt13unordered_setImSt4hashImESt8equal_toImESaImEE
FN:133,_ZN4nnet14base_immutableIiE6updateESt13unordered_setImSt4hashImESt8equal_toImESaImEE
FN:161,_ZZN4nnet14base_immutableIdE6updateESt13unordered_setImSt4hashImESt8equal_toImESaImEEENKUlvE_clEv
FN:161,_ZZN4nnet14base_immutableIiE6updateESt13unordered_setImSt4hashImESt8equal_toImESaImEEENKUlvE_clEv
FN:174,_ZN4nnet14base_immutableIdEC2ESt6vectorIPNS_5inodeIdEESaIS5_EENSt7__cxx1112basic_stringIcSt11char_traitsIcESaIcEEE
FN:174,_ZN4nnet14base_immutableIiEC2ESt6vectorIPNS_5inodeIiEESaIS5_EENSt7__cxx1112basic_stringIcSt11char_traitsIcESaIcEEE
FN:190,_ZN4nnet14base_immutableIiEC2ERKS1_
FN:190,_ZN4nnet14base_immutableIdEC2ERKS1_
FN:197,_ZN4nnet14base_immutableIiEC2EOS1_
FN:197,_ZN4nnet14base_immutableIdEC2EOS1_
FN:204,_ZN4nnet14base_immutableIdE15death_on_brokenEv
FN:204,_ZN4nnet14base_immutableIiE15death_on_brokenEv
FN:210,_ZNK4nnet14base_immutableIiE8get_evalEv
FN:210,_ZNK4nnet14base_immutableIdE8get_evalEv
FN:216,_ZN4nnet14base_immutableIdE12get_gradientEPNS_8variableIdEE
FN:216,_ZN4nnet14base_immutableIiE12get_gradientEPNS_8variableIiEE
FN:231,_ZN4nnet14base_immutableIiE11copy_helperERKS1_
FN:231,_ZN4nnet14base_immutableIdE11copy_helperERKS1_
FN:246,_ZN4nnet14base_immutableIdE11move_helperEOS1_
FN:246,_ZN4nnet14base_immutableIiE11move_helperEOS1_
FN:258,_ZNK4nnet14base_immutableIiE16temp_eval_helperEPKNS_10iconnectorIiEERPNS_8constantIiEE
FN:258,_ZNK4nnet14base_immutableIdE16temp_eval_helperEPKNS_10iconnectorIdEERPNS_8constantIdEE
FNDA:7057,_ZN4nnet14base_immutableIdE12get_gradientEPNS_8variableIdEE
FNDA:32,_ZN4nnet14base_immutableIdEaSERKS1_
FNDA:2278,_ZN4nnet14base_immutableIdE6deriveEPNS_5inodeIdEE
FNDA:0,_ZN4nnet14base_immutableIiE10read_protoERKN7tenncor12tensor_protoE
FNDA:0,_ZN4nnet14base_immutableIiE11move_helperEOS1_
FNDA:288,_ZZN4nnet14base_immutableIiE6updateESt13unordered_setImSt4hashImESt8equal_toImESaImEEENKUlvE_clEv
FNDA:0,_ZN4nnet14base_immutableIiE6deriveEPNS_5inodeIiEE
FNDA:64,_ZN4nnet14base_immutableIdE11copy_helperERKS1_
FNDA:1661456,_ZNK4nnet14base_immutableIdE8get_evalEv
FNDA:0,_ZNK4nnet14base_immutableIiE16temp_eval_helperEPKNS_10iconnectorIiEERPNS_8constantIiEE
FNDA:2964,_ZNK4nnet14base_immutableIdE16temp_eval_helperEPKNS_10iconnectorIdEERPNS_8constantIdEE
FNDA:0,_ZN4nnet14base_immutableIiEC2ERKS1_
FNDA:768,_ZNK4nnet14base_immutableIiE8get_evalEv
FNDA:32,_ZN4nnet14base_immutableIdEC2EOS1_
FNDA:0,_ZN4nnet14base_immutableIiE11copy_helperERKS1_
FNDA:64,_ZN4nnet14base_immutableIdE11move_helperEOS1_
FNDA:677,_ZNK4nnet14base_immutableIdE14temporary_evalEPKNS_10iconnectorIdEERPNS_5inodeIdEE
FNDA:0,_ZN4nnet14base_immutableIiEC2EOS1_
FNDA:32,_ZN4nnet14base_immutableIdEaSEOS1_
FNDA:0,_ZN4nnet14base_immutableIdED0Ev
FNDA:12300,_ZN4nnet14base_immutableIdEC2ESt6vectorIPNS_5inodeIdEESaIS5_EENSt7__cxx1112basic_stringIcSt11char_traitsIcESaIcEEE
FNDA:563670,_ZZN4nnet14base_immutableIdE6updateESt13unordered_setImSt4hashImESt8equal_toImESaImEEENKUlvE_clEv
FNDA:12364,_ZN4nnet14base_immutableIdED2Ev
FNDA:0,_ZN4nnet14base_immutableIiEaSEOS1_
FNDA:448,_ZNK4nnet14base_immutableIiE11good_statusEv
FNDA:10750,_ZN4nnet14base_immutableIdE15death_on_brokenEv
FNDA:928,_ZNK4nnet14base_immutableIiE10get_leavesEv
FNDA:160,_ZN4nnet14base_immutableIiE15death_on_brokenEv
FNDA:0,_ZN4nnet14base_immutableIiE12get_gradientEPNS_8variableIiEE
FNDA:736,_ZN4nnet14base_immutableIiE6updateESt13unordered_setImSt4hashImESt8equal_toImESaImEE
FNDA:256,_ZNK4nnet14base_immutableIiE9get_shapeEv
FNDA:3632561,_ZNK4nnet14base_immutableIdE10get_leavesEv
FNDA:0,_ZN4nnet14base_immutableIiEaSERKS1_
FNDA:416,_ZN4nnet14base_immutableIiED2Ev
FNDA:0,_ZN4nnet14base_immutableIiED0Ev
FNDA:1568,_ZNK4nnet14base_immutableIdE9get_shapeEv
FNDA:416,_ZN4nnet14base_immutableIiEC2ESt6vectorIPNS_5inodeIiEESaIS5_EENSt7__cxx1112basic_stringIcSt11char_traitsIcESaIcEEE
FNDA:2200936,_ZNK4nnet14base_immutableIdE11good_statusEv
FNDA:32,_ZN4nnet14base_immutableIdEC2ERKS1_
FNDA:1704373,_ZN4nnet14base_immutableIdE6updateESt13unordered_setImSt4hashImESt8equal_toImESaImEE
FNDA:0,_ZNK4nnet14base_immutableIiE14temporary_evalEPKNS_10iconnectorIiEERPNS_5inodeIiEE
FNDA:0,_ZN4nnet14base_immutableIdE10read_protoERKN7tenncor12tensor_protoE
FNF:42
FNH:28
DA:15,12780
DA:30,32
DA:32,32
DA:34,32
DA:35,32
DA:37,32
DA:41,32
DA:43,32
DA:45,32
DA:46,32
DA:48,32
DA:52,2278
DA:54,2278
DA:55,2278
DA:57,2278
DA:59,0
DA:62,2278
DA:64,2048
DA:66,2016
DA:69,230
DA:72,230
DA:73,230
DA:74,230
DA:81,0
DA:83,2246
DA:87,677
DA:89,677
DA:90,677
DA:91,677
DA:93,677
DA:95,677
DA:98,1824
DA:100,1824
DA:101,1824
DA:103,96
DA:105,1728
DA:109,3633489
DA:111,3633489
DA:112,39656780
DA:114,36023291
DA:116,3633489
DA:120,2201384
DA:122,2201384
DA:126,0
DA:129,0
DA:133,1705109
DA:135,1705109
DA:136,1705109
DA:137,4347230
DA:138,4347230
DA:140,2642121
DA:142,2642121
DA:146,0
DA:150,1705109
DA:153,0
DA:155,1705109
DA:157,1683990
DA:158,1683990
DA:161,1514105
DA:167,733843
DA:168,733811
DA:171,1705077
DA:174,12716
DA:175,12716
DA:177,25432
DA:178,31900
DA:180,38368
DA:181,19184
DA:183,48847
DA:185,36131
DA:187,12716
DA:190,32
DA:191,32
DA:193,32
DA:194,32
DA:197,32
DA:198,32
DA:200,32
DA:201,32
DA:204,10910
DA:206,10910
DA:207,10910
DA:210,1662224
DA:212,1662224
DA:216,7057
DA:218,7057
DA:219,7057
DA:221,1785
DA:223,5272
DA:225,4891
DA:227,5240
DA:231,64
DA:233,64
DA:235,32
DA:236,32
DA:238,64
DA:240,64
DA:242,64
DA:243,64
DA:246,64
DA:248,64
DA:250,32
DA:252,64
DA:253,64
DA:254,64
DA:255,64
DA:258,2964
DA:261,2964
DA:264,677
DA:266,677
DA:268,677
DA:271,4574
DA:272,6633
DA:274,4346
DA:275,4346
DA:276,4346
DA:278,2287
DA:282,2059
DA:286,2287
DA:287,2287
DA:288,2287
LF:121
LH:115
end_of_record
TN:
SF:/usr/src/rocapp/app/tenncor/src/graph/connector/immutable/immutable.ipp
FN:15,_ZN4nnet9immutableIiED2Ev
FN:15,_ZN4nnet9immutableIdED0Ev
FN:15,_ZN4nnet9immutableIiED0Ev
FN:15,_ZN4nnet9immutableIdED2Ev
FN:24,_ZN4nnet9immutableIdE3getESt6vectorIPNS_5inodeIdEESaIS5_EESt8functionIFNS_11tensorshapeES2_IS9_SaIS9_EEEEPNS_13transfer_funcIdEES8_IFNS_6varptrIdEES2_ISt4pairIS5_S5_ESaISK_EEEENSt7__cxx1112basic_stringIcSt11char_traitsIcESaIcEEES5_
FN:24,_ZN4nnet9immutableIiE3getESt6vectorIPNS_5inodeIiEESaIS5_EESt8functionIFNS_11tensorshapeES2_IS9_SaIS9_EEEEPNS_13transfer_funcIiEES8_IFNS_6varptrIiEES2_ISt4pairIS5_S5_ESaISK_EEEENSt7__cxx1112basic_stringIcSt11char_traitsIcESaIcEEES5_
FN:46,_ZNK4nnet9immutableIdE5cloneEv
FN:52,_ZN4nnet9immutableIdE4moveEv
FN:58,_ZN4nnet9immutableIdEaSERKS1_
FN:58,_ZN4nnet9immutableIiEaSERKS1_
FN:69,_ZN4nnet9immutableIiEaSEOS1_
FN:69,_ZN4nnet9immutableIdEaSEOS1_
FN:80,_ZN4nnet9immutableIiEC2ESt6vectorIPNS_5inodeIiEESaIS5_EESt8functionIFNS_11tensorshapeES2_IS9_SaIS9_EEEEPNS_13transfer_funcIiEES8_IFNS_6varptrIiEES2_ISt4pairIS5_S5_ESaISK_EEEENSt7__cxx1112basic_stringIcSt11char_traitsIcESaIcEEE
FN:80,_ZN4nnet9immutableIdEC2ESt6vectorIPNS_5inodeIdEESaIS5_EESt8functionIFNS_11tensorshapeES2_IS9_SaIS9_EEEEPNS_13transfer_funcIdEES8_IFNS_6varptrIdEES2_ISt4pairIS5_S5_ESaISK_EEEENSt7__cxx1112basic_stringIcSt11char_traitsIcESaIcEEE
FN:90,_ZN4nnet9immutableIdEC2ERKS1_
FN:90,_ZN4nnet9immutableIiEC2ERKS1_
FN:97,_ZN4nnet9immutableIdEC2EOS1_
FN:97,_ZN4nnet9immutableIiEC2EOS1_
FN:104,_ZNK4nnet9immutableIdE10clone_implEv
FN:104,_ZNK4nnet9immutableIiE10clone_implEv
FN:110,_ZN4nnet9immutableIiE9move_implEv
FN:110,_ZN4nnet9immutableIdE9move_implEv
FN:116,_ZNK4nnet9immutableIiE9arg_cloneESt6vectorIPNS_5inodeIiEESaIS5_EE
FN:116,_ZNK4nnet9immutableIdE9arg_cloneESt6vectorIPNS_5inodeIdEESaIS5_EE
FN:126,_ZN4nnet9immutableIiE12forward_passEv
FN:126,_ZN4nnet9immutableIdE12forward_passEv
FN:176,_ZN4nnet9immutableIdE13backward_passEPNS_8variableIdEE
FN:176,_ZN4nnet9immutableIiE13backward_passEPNS_8variableIiEE
FN:189,_ZN4nnet9immutableIiE11copy_helperERKS1_
FN:189,_ZN4nnet9immutableIdE11copy_helperERKS1_
FN:199,_ZN4nnet9immutableIdE11move_helperEOS1_
FN:199,_ZN4nnet9immutableIiE11move_helperEOS1_
FNDA:0,_ZNK4nnet9immutableIiE10clone_implEv
FNDA:64,_ZN4nnet9immutableIdE11copy_helperERKS1_
FNDA:2287,_ZNK4nnet9immutableIdE9arg_cloneESt6vectorIPNS_5inodeIdEESaIS5_EE
FNDA:0,_ZN4nnet9immutableIiE13backward_passEPNS_8variableIiEE
FNDA:32,_ZN4nnet9immutableIdE9move_implEv
FNDA:32,_ZN4nnet9immutableIdEaSEOS1_
FNDA:416,_ZN4nnet9immutableIiE3getESt6vectorIPNS_5inodeIiEESaIS5_EESt8functionIFNS_11tensorshapeES2_IS9_SaIS9_EEEEPNS_13transfer_funcIiEES8_IFNS_6varptrIiEES2_ISt4pairIS5_S5_ESaISK_EEEENSt7__cxx1112basic_stringIcSt11char_traitsIcESaIcEEES5_
FNDA:0,_ZN4nnet9immutableIiEaSEOS1_
FNDA:416,_ZN4nnet9immutableIiED0Ev
FNDA:32,_ZN4nnet9immutableIdE4moveEv
FNDA:416,_ZN4nnet9immutableIiED2Ev
FNDA:12292,_ZN4nnet9immutableIdEC2ESt6vectorIPNS_5inodeIdEESaIS5_EESt8functionIFNS_11tensorshapeES2_IS9_SaIS9_EEEEPNS_13transfer_funcIdEES8_IFNS_6varptrIdEES2_ISt4pairIS5_S5_ESaISK_EEEENSt7__cxx1112basic_stringIcSt11char_traitsIcESaIcEEE
FNDA:32,_ZNK4nnet9immutableIdE5cloneEv
FNDA:8911,_ZN4nnet9immutableIdED0Ev
FNDA:0,_ZN4nnet9immutableIiE9move_implEv
FNDA:6560,_ZN4nnet9immutableIdE3getESt6vectorIPNS_5inodeIdEESaIS5_EESt8functionIFNS_11tensorshapeES2_IS9_SaIS9_EEEEPNS_13transfer_funcIdEES8_IFNS_6varptrIdEES2_ISt4pairIS5_S5_ESaISK_EEEENSt7__cxx1112basic_stringIcSt11char_traitsIcESaIcEEES5_
FNDA:12356,_ZN4nnet9immutableIdED2Ev
FNDA:1292391,_ZN4nnet9immutableIdE12forward_passEv
FNDA:0,_ZNK4nnet9immutableIiE9arg_cloneESt6vectorIPNS_5inodeIiEESaIS5_EE
FNDA:0,_ZN4nnet9immutableIiEC2EOS1_
FNDA:4859,_ZN4nnet9immutableIdE13backward_passEPNS_8variableIdEE
FNDA:0,_ZN4nnet9immutableIiEC2ERKS1_
FNDA:0,_ZN4nnet9immutableIiE11move_helperEOS1_
FNDA:32,_ZN4nnet9immutableIdEC2ERKS1_
FNDA:0,_ZN4nnet9immutableIiEaSERKS1_
FNDA:416,_ZN4nnet9immutableIiEC2ESt6vectorIPNS_5inodeIiEESaIS5_EESt8functionIFNS_11tensorshapeES2_IS9_SaIS9_EEEEPNS_13transfer_funcIiEES8_IFNS_6varptrIiEES2_ISt4pairIS5_S5_ESaISK_EEEENSt7__cxx1112basic_stringIcSt11char_traitsIcESaIcEEE
FNDA:32,_ZN4nnet9immutableIdEaSERKS1_
FNDA:416,_ZN4nnet9immutableIiE12forward_passEv
FNDA:64,_ZN4nnet9immutableIdE11move_helperEOS1_
FNDA:32,_ZNK4nnet9immutableIdE10clone_implEv
FNDA:0,_ZN4nnet9immutableIiE11copy_helperERKS1_
FNDA:32,_ZN4nnet9immutableIdEC2EOS1_
FNF:32
FNH:22
DA:15,22099
DA:17,12772
DA:19,12772
DA:21,34871
DA:24,6976
DA:29,6976
DA:30,6976
DA:31,6976
DA:33,64
DA:34,64
DA:36,32
DA:38,32
DA:42,6976
DA:46,32
DA:48,32
DA:52,32
DA:54,32
DA:58,32
DA:60,32
DA:62,32
DA:63,32
DA:65,32
DA:69,32
DA:71,32
DA:73,32
DA:74,32
DA:76,32
DA:80,12708
DA:87,12708
DA:90,32
DA:91,32
DA:93,32
DA:94,32
DA:97,32
DA:98,32
DA:100,32
DA:101,32
DA:104,32
DA:106,32
DA:110,32
DA:112,32
DA:116,2287
DA:118,2287
DA:120,0
DA:122,2287
DA:126,1292807
DA:129,2585614
DA:130,2585614
DA:132,3133149
DA:134,1840342
DA:135,1840342
DA:137,0
DA:139,1840342
DA:140,1840342
DA:141,1840342
DA:144,2585614
DA:145,1292455
DA:147,10106
DA:148,10106
DA:150,1282349
DA:153,1282349
DA:155,2564698
DA:156,1282349
DA:158,64
DA:159,32
DA:160,32
DA:161,32
DA:162,32
DA:168,0
DA:172,1292423
DA:173,1292423
DA:176,4859
DA:178,9718
DA:179,11894
DA:181,7035
DA:182,7035
DA:183,7035
DA:185,4859
DA:186,4827
DA:189,64
DA:191,64
DA:193,64
DA:194,64
DA:195,64
DA:196,64
DA:199,64
DA:201,64
DA:203,64
DA:204,64
DA:205,64
DA:206,64
LF:91
LH:88
end_of_record
TN:
SF:/usr/src/rocapp/app/tenncor/src/graph/connector/immutable/shape_dep.ipp
FN:11,_ZN4nnet9shape_depIdED2Ev
FN:11,_ZN4nnet9shape_depIdED0Ev
FN:17,_ZN4nnet9shape_depIdE3getESt6vectorIPNS_5inodeIdEESaIS5_EESt8functionIFS2_ImSaImEERNS_11tensorshapeEEESB_NSt7__cxx1112basic_stringIcSt11char_traitsIcESaIcEEE
FN:59,_ZN4nnet9shape_depIdEaSERKS1_
FN:71,_ZN4nnet9shape_depIdEaSEOS1_
FN:84,_ZN4nnet9shape_depIdEC2ESt6vectorIPNS_5inodeIdEESaIS5_EESt8functionIFS2_ImSaImEERNS_11tensorshapeEEESB_NSt7__cxx1112basic_stringIcSt11char_traitsIcESaIcEEE
FN:96,_ZN4nnet9shape_depIdEC2ERKS1_
FN:104,_ZN4nnet9shape_depIdEC2EOS1_
FN:113,_ZNK4nnet9shape_depIdE10clone_implEv
FN:119,_ZN4nnet9shape_depIdE9move_implEv
FN:125,_ZNK4nnet9shape_depIdE9arg_cloneESt6vectorIPNS_5inodeIdEESaIS5_EE
FN:131,_ZN4nnet9shape_depIdE12forward_passEv
FN:146,_ZN4nnet9shape_depIdE13backward_passEPNS_8variableIdEE
FNDA:8,_ZN4nnet9shape_depIdEC2ESt6vectorIPNS_5inodeIdEESaIS5_EESt8functionIFS2_ImSaImEERNS_11tensorshapeEEESB_NSt7__cxx1112basic_stringIcSt11char_traitsIcESaIcEEE
FNDA:0,_ZN4nnet9shape_depIdEaSERKS1_
FNDA:0,_ZN4nnet9shape_depIdEaSEOS1_
FNDA:0,_ZN4nnet9shape_depIdEC2EOS1_
FNDA:8,_ZN4nnet9shape_depIdED0Ev
FNDA:32,_ZN4nnet9shape_depIdE13backward_passEPNS_8variableIdEE
FNDA:0,_ZNK4nnet9shape_depIdE10clone_implEv
FNDA:8,_ZN4nnet9shape_depIdE3getESt6vectorIPNS_5inodeIdEESaIS5_EESt8functionIFS2_ImSaImEERNS_11tensorshapeEEESB_NSt7__cxx1112basic_stringIcSt11char_traitsIcESaIcEEE
FNDA:4994,_ZN4nnet9shape_depIdE12forward_passEv
FNDA:0,_ZN4nnet9shape_depIdE9move_implEv
FNDA:0,_ZN4nnet9shape_depIdEC2ERKS1_
FNDA:0,_ZNK4nnet9shape_depIdE9arg_cloneESt6vectorIPNS_5inodeIdEESaIS5_EE
FNDA:8,_ZN4nnet9shape_depIdED2Ev
FNF:13
FNH:6
DA:11,16
DA:13,8
DA:14,24
DA:17,8
DA:20,8
DA:21,8
DA:22,16
DA:23,8
DA:26,0
DA:28,0
DA:30,0
DA:31,0
DA:33,0
DA:34,0
DA:36,0
DA:38,0
DA:43,8
DA:59,0
DA:61,0
DA:63,0
DA:64,0
DA:65,0
DA:67,0
DA:71,0
DA:73,0
DA:75,0
DA:76,0
DA:77,0
DA:78,0
DA:80,0
DA:84,8
DA:87,8
DA:88,16
DA:90,8
DA:91,8
DA:92,8
DA:93,8
DA:96,0
DA:97,0
DA:99,0
DA:100,0
DA:101,0
DA:104,0
DA:105,0
DA:107,0
DA:108,0
DA:109,0
DA:110,0
DA:113,0
DA:115,0
DA:119,0
DA:121,0
DA:125,0
DA:127,0
DA:131,4994
DA:133,9988
DA:134,9988
DA:136,4994
DA:138,4994
DA:140,1
DA:142,4994
DA:143,4994
DA:146,32
DA:148,32
DA:149,32
LF:65
LH:27
end_of_record
TN:
SF:/usr/src/rocapp/app/tenncor/src/graph/inode.ipp
FN:15,_ZN4nnet5inodeIdED2Ev
FN:15,_ZN4nnet5inodeIiED0Ev
FN:15,_ZN4nnet5inodeIiED2Ev
FN:15,_ZN4nnet5inodeIdED0Ev
FN:24,_ZN4nnet5inodeIdE4moveEv
FN:30,_ZN4nnet5inodeIdEaSERKS1_
FN:30,_ZN4nnet5inodeIiEaSERKS1_
FN:41,_ZN4nnet5inodeIdEaSEOS1_
FN:41,_ZN4nnet5inodeIiEaSEOS1_
FN:52,_ZNK4nnet5inodeIdE7get_uidB5cxx11Ev
FN:58,_ZNK4nnet5inodeIiE9get_labelB5cxx11Ev
FN:58,_ZNK4nnet5inodeIdE9get_labelB5cxx11Ev
FN:64,_ZNK4nnet5inodeIdE8get_nameB5cxx11Ev
FN:64,_ZNK4nnet5inodeIiE8get_nameB5cxx11Ev
FN:70,_ZNK4nnet5inodeIdE13get_summaryidB5cxx11Ev
FN:70,_ZNK4nnet5inodeIiE13get_summaryidB5cxx11Ev
FN:76,_ZN4nnet5inodeIdE9set_labelENSt7__cxx1112basic_stringIcSt11char_traitsIcESaIcEEE
FN:82,_ZNK4nnet5inodeIiE13find_audienceENSt7__cxx1112basic_stringIcSt11char_traitsIcESaIcEEERSt13unordered_setIPS1_St4hashIS9_ESt8equal_toIS9_ESaIS9_EE
FN:82,_ZNK4nnet5inodeIdE13find_audienceENSt7__cxx1112basic_stringIcSt11char_traitsIcESaIcEEERSt13unordered_setIPS1_St4hashIS9_ESt8equal_toIS9_ESaIS9_EE
FN:99,_ZN4nnet5inodeIiE12set_metadataENSt7__cxx1112basic_stringIcSt11char_traitsIcESaIcEEEm
FN:99,_ZN4nnet5inodeIdE12set_metadataENSt7__cxx1112basic_stringIcSt11char_traitsIcESaIcEEEm
FN:105,_ZN4nnet5inodeIdE16extract_metadataEPS1_
FN:105,_ZN4nnet5inodeIiE16extract_metadataEPS1_
FN:122,_ZNK4nnet5inodeIiE12get_metadataENSt7__cxx1112basic_stringIcSt11char_traitsIcESaIcEEE
FN:122,_ZNK4nnet5inodeIdE12get_metadataENSt7__cxx1112basic_stringIcSt11char_traitsIcESaIcEEE
FN:134,_ZN4nnet5inodeIdEC2ENSt7__cxx1112basic_stringIcSt11char_traitsIcESaIcEEE
FN:134,_ZN4nnet5inodeIiEC2ENSt7__cxx1112basic_stringIcSt11char_traitsIcESaIcEEE
FN:139,_ZN4nnet5inodeIiEC2ERKS1_
FN:139,_ZN4nnet5inodeIdEC2ERKS1_
FN:144,_ZN4nnet5inodeIdEC2EOS1_
FN:144,_ZN4nnet5inodeIiEC2EOS1_
FN:149,_ZNK4nnet5inodeIdE9take_evalEPS1_
FN:149,_ZNK4nnet5inodeIiE9take_evalEPS1_
FN:155,_ZNK4nnet5inodeIdE13take_gradientEPS1_PNS_8variableIdEE
FN:155,_ZNK4nnet5inodeIiE13take_gradientEPS1_PNS_8variableIiEE
FN:161,_ZN4nnet6exposeIdEESt6vectorIT_SaIS2_EEPNS_5inodeIS2_EE
FN:161,_ZN4nnet6exposeIiEESt6vectorIT_SaIS2_EEPNS_5inodeIS2_EE
FNDA:0,_ZN4nnet5inodeIiEC2EOS1_
FNDA:0,_ZN4nnet5inodeIiED0Ev
FNDA:704,_ZNK4nnet5inodeIiE9take_evalEPS1_
FNDA:0,_ZNK4nnet5inodeIiE13get_summaryidB5cxx11Ev
FNDA:0,_ZNK4nnet5inodeIdE13get_summaryidB5cxx11Ev
FNDA:764,_ZN4nnet5inodeIiED2Ev
FNDA:64,_ZN4nnet5inodeIdE12set_metadataENSt7__cxx1112basic_stringIcSt11char_traitsIcESaIcEEEm
FNDA:0,_ZN4nnet5inodeIdE4moveEv
FNDA:512,_ZN4nnet6exposeIiEESt6vectorIT_SaIS2_EEPNS_5inodeIS2_EE
FNDA:0,_ZNK4nnet5inodeIiE9get_labelB5cxx11Ev
FNDA:0,_ZNK4nnet5inodeIiE8get_nameB5cxx11Ev
FNDA:0,_ZN4nnet5inodeIiE16extract_metadataEPS1_
FNDA:3708,_ZNK4nnet5inodeIdE9get_labelB5cxx11Ev
FNDA:0,_ZNK4nnet5inodeIiE13take_gradientEPS1_PNS_8variableIiEE
FNDA:9856,_ZNK4nnet5inodeIdE12get_metadataENSt7__cxx1112basic_stringIcSt11char_traitsIcESaIcEEE
FNDA:0,_ZN4nnet5inodeIdED0Ev
FNDA:764,_ZN4nnet5inodeIiEC2ENSt7__cxx1112basic_stringIcSt11char_traitsIcESaIcEEE
FNDA:0,_ZN4nnet5inodeIiEaSEOS1_
FNDA:0,_ZNK4nnet5inodeIiE12get_metadataENSt7__cxx1112basic_stringIcSt11char_traitsIcESaIcEEE
FNDA:9412,_ZNK4nnet5inodeIdE13find_audienceENSt7__cxx1112basic_stringIcSt11char_traitsIcESaIcEEERSt13unordered_setIPS1_St4hashIS9_ESt8equal_toIS9_ESaIS9_EE
FNDA:626,_ZN4nnet5inodeIdEC2ERKS1_
FNDA:95129,_ZN4nnet5inodeIdEC2ENSt7__cxx1112basic_stringIcSt11char_traitsIcESaIcEEE
FNDA:1844632,_ZNK4nnet5inodeIdE9take_evalEPS1_
FNDA:0,_ZN4nnet5inodeIiEC2ERKS1_
FNDA:864,_ZN4nnet5inodeIdEaSERKS1_
FNDA:39095,_ZN4nnet6exposeIdEESt6vectorIT_SaIS2_EEPNS_5inodeIS2_EE
FNDA:104,_ZN4nnet5inodeIdE9set_labelENSt7__cxx1112basic_stringIcSt11char_traitsIcESaIcEEE
FNDA:672,_ZNK4nnet5inodeIiE13find_audienceENSt7__cxx1112basic_stringIcSt11char_traitsIcESaIcEEERSt13unordered_setIPS1_St4hashIS9_ESt8equal_toIS9_ESaIS9_EE
FNDA:0,_ZN4nnet5inodeIiE12set_metadataENSt7__cxx1112basic_stringIcSt11char_traitsIcESaIcEEEm
FNDA:70664,_ZNK4nnet5inodeIdE7get_uidB5cxx11Ev
FNDA:0,_ZN4nnet5inodeIiEaSERKS1_
FNDA:96259,_ZN4nnet5inodeIdED2Ev
FNDA:192,_ZN4nnet5inodeIdEaSEOS1_
FNDA:512,_ZN4nnet5inodeIdEC2EOS1_
FNDA:8665,_ZNK4nnet5inodeIdE13take_gradientEPS1_PNS_8variableIdEE
FNDA:64,_ZNK4nnet5inodeIdE8get_nameB5cxx11Ev
FNDA:3078,_ZN4nnet5inodeIdE16extract_metadataEPS1_
FNF:37
FNH:22
DA:15,97023
DA:24,0
DA:26,0
DA:30,864
DA:32,864
DA:34,864
DA:35,864
DA:37,864
DA:41,192
DA:43,192
DA:45,192
DA:46,192
DA:48,192
DA:52,70664
DA:54,70664
DA:58,3708
DA:60,3708
DA:64,64
DA:66,64
DA:70,0
DA:72,0
DA:76,104
DA:78,104
DA:79,104
DA:82,10084
DA:84,43480
DA:86,33396
DA:87,33396
DA:89,10424
DA:91,4720
DA:95,10084
DA:99,64
DA:101,64
DA:102,64
DA:105,3078
DA:107,3086
DA:109,8
DA:110,8
DA:112,8
DA:114,0
DA:119,3078
DA:122,9856
DA:124,9856
DA:125,9856
DA:126,9856
DA:128,64
DA:130,9856
DA:134,95893
DA:136,95893
DA:139,626
DA:141,626
DA:144,512
DA:145,512
DA:146,512
DA:149,1845336
DA:151,1845336
DA:155,8665
DA:157,8665
DA:161,39607
DA:163,39607
DA:164,39607
DA:165,39607
DA:166,39607
LF:63
LH:58
end_of_record
TN:
SF:/usr/src/rocapp/app/tenncor/src/graph/leaf/constant.ipp
FN:21,_ZN4nnet8constantIdE15get_shared_zeroEv
FN:21,_ZN4nnet8constantIiE15get_shared_zeroEv
FN:28,_ZN4nnet8constantIdE14get_shared_oneEv
FN:28,_ZN4nnet8constantIiE14get_shared_oneEv
FN:35,_ZN4nnet8constantIdE3getEd
FN:35,_ZN4nnet8constantIiE3getEi
FN:41,_ZN4nnet8constantIiE3getESt6vectorIiSaIiEENS_11tensorshapeE
FN:41,_ZN4nnet8constantIdE3getESt6vectorIdSaIdEENS_11tensorshapeE
FN:47,_ZN4nnet8constantIiE6deriveEPNS_5inodeIiEE
FN:47,_ZN4nnet8constantIdE6deriveEPNS_5inodeIdEE
FN:53,_ZN4nnet8constantIdE10be_managedEv
FN:59,_ZN4nnet8constantIdE12get_gradientEPNS_8variableIdEE
FN:59,_ZN4nnet8constantIiE12get_gradientEPNS_8variableIiEE
FN:65,_ZN4nnet8constantIiEC2Ei
FN:65,_ZN4nnet8constantIdEC2Ed
FN:76,_ZN4nnet8constantIiEC2ESt6vectorIiSaIiEENS_11tensorshapeE
FN:76,_ZN4nnet8constantIdEC2ESt6vectorIdSaIdEENS_11tensorshapeE
FN:107,_ZN4nnet8constantIdE17death_on_noparentEv
FN:107,_ZN4nnet8constantIiE17death_on_noparentEv
FN:116,_ZNK4nnet8constantIiE10clone_implEv
FN:116,_ZNK4nnet8constantIdE10clone_implEv
FN:122,_ZN4nnet8constantIiE9move_implEv
FN:122,_ZN4nnet8constantIdE9move_implEv
FN:128,_ZN4nneteqIdEEbRNS_8constantIT_EES2_
FN:128,_ZN4nneteqIiEEbRNS_8constantIT_EES2_
FNDA:0,_ZN4nnet8constantIiE6deriveEPNS_5inodeIiEE
FNDA:0,_ZN4nnet8constantIiEC2ESt6vectorIiSaIiEENS_11tensorshapeE
FNDA:2834,_ZN4nnet8constantIdE14get_shared_oneEv
FNDA:96,_ZN4nnet8constantIdE9move_implEv
FNDA:0,_ZN4nnet8constantIiE9move_implEv
FNDA:5580,_ZN4nnet8constantIdE17death_on_noparentEv
FNDA:96,_ZN4nnet8constantIdE6deriveEPNS_5inodeIdEE
FNDA:3439,_ZN4nnet8constantIdE15get_shared_zeroEv
FNDA:0,_ZNK4nnet8constantIiE10clone_implEv
FNDA:4736,_ZN4nneteqIdEEbRNS_8constantIT_EES2_
FNDA:0,_ZN4nnet8constantIiE15get_shared_zeroEv
FNDA:0,_ZN4nnet8constantIiE14get_shared_oneEv
FNDA:28,_ZN4nnet8constantIiEC2Ei
FNDA:96,_ZNK4nnet8constantIdE10clone_implEv
FNDA:0,_ZN4nnet8constantIiE3getESt6vectorIiSaIiEENS_11tensorshapeE
FNDA:2585,_ZN4nnet8constantIdEC2Ed
FNDA:2192,_ZN4nnet8constantIdE3getESt6vectorIdSaIdEENS_11tensorshapeE
FNDA:2192,_ZN4nnet8constantIdEC2ESt6vectorIdSaIdEENS_11tensorshapeE
FNDA:32,_ZN4nnet8constantIdE12get_gradientEPNS_8variableIdEE
FNDA:0,_ZN4nnet8constantIiE17death_on_noparentEv
FNDA:2549,_ZN4nnet8constantIdE3getEd
FNDA:0,_ZN4nneteqIiEEbRNS_8constantIT_EES2_
FNDA:32,_ZN4nnet8constantIdE10be_managedEv
FNDA:0,_ZN4nnet8constantIiE3getEi
FNDA:0,_ZN4nnet8constantIiE12get_gradientEPNS_8variableIiEE
FNF:25
FNH:14
DA:15,128
DA:18,114
DA:21,3439
DA:23,3439
DA:24,3439
DA:28,2834
DA:30,2834
DA:31,2834
DA:35,2549
DA:37,2549
DA:41,2192
DA:43,2192
DA:47,96
DA:49,96
DA:53,32
DA:55,32
DA:56,32
DA:59,32
DA:61,32
DA:65,2613
DA:67,2613
DA:69,5226
DA:70,2613
DA:71,2613
DA:72,2613
DA:73,2613
DA:76,2192
DA:77,10960
DA:78,13152
DA:80,2192
DA:81,2192
DA:85,160
DA:87,54
DA:88,54
DA:90,320
DA:91,160
DA:92,160
DA:94,2192
DA:96,2192
DA:97,2192
DA:99,188
DA:100,188
DA:102,2192
DA:103,2192
DA:104,2192
DA:107,5580
DA:109,5580
DA:111,3323
DA:113,5580
DA:116,96
DA:118,96
DA:122,96
DA:124,96
DA:128,4736
DA:130,9472
DA:131,9472
LF:56
LH:56
end_of_record
TN:
SF:/usr/src/rocapp/app/tenncor/src/graph/leaf/ileaf.ipp
FN:15,_ZN4nnet5ileafIiED0Ev
FN:15,_ZN4nnet5ileafIdED2Ev
FN:15,_ZN4nnet5ileafIiED2Ev
FN:15,_ZN4nnet5ileafIdED0Ev
FN:21,_ZNK4nnet5ileafIdE5cloneEv
FN:27,_ZN4nnet5ileafIdE4moveEv
FN:33,_ZN4nnet5ileafIiEaSERKS1_
FN:33,_ZN4nnet5ileafIdEaSERKS1_
FN:45,_ZN4nnet5ileafIdEaSEOS1_
FN:45,_ZN4nnet5ileafIiEaSEOS1_
FN:57,_ZNK4nnet5ileafIiE13get_argumentsEv
FN:57,_ZNK4nnet5ileafIdE13get_argumentsEv
FN:63,_ZNK4nnet5ileafIiE11n_argumentsEv
FN:63,_ZNK4nnet5ileafIdE11n_argumentsEv
FN:69,_ZN4nnet5ileafIiE4evalEv
FN:69,_ZN4nnet5ileafIdE4evalEv
FN:75,_ZNK4nnet5ileafIiE9get_shapeEv
FN:75,_ZNK4nnet5ileafIdE9get_shapeEv
FN:85,_ZNK4nnet5ileafIiE10get_leavesEv
FN:85,_ZNK4nnet5ileafIdE10get_leavesEv
FN:91,_ZNK4nnet5ileafIdE11good_statusEv
FN:91,_ZNK4nnet5ileafIiE11good_statusEv
FN:97,_ZN4nnet5ileafIiE10read_protoERKN7tenncor12tensor_protoE
FN:97,_ZN4nnet5ileafIdE10read_protoERKN7tenncor12tensor_protoE
FN:109,_ZN4nnet5ileafIdEC2ERKNS_11tensorshapeENSt7__cxx1112basic_stringIcSt11char_traitsIcESaIcEEE
FN:109,_ZN4nnet5ileafIiEC2ERKNS_11tensorshapeENSt7__cxx1112basic_stringIcSt11char_traitsIcESaIcEEE
FN:114,_ZN4nnet5ileafIiEC2ERKS1_
FN:114,_ZN4nnet5ileafIdEC2ERKS1_
FN:121,_ZN4nnet5ileafIdEC2EOS1_
FN:121,_ZN4nnet5ileafIiEC2EOS1_
FN:128,_ZNK4nnet5ileafIdE8get_evalEv
FN:128,_ZNK4nnet5ileafIiE8get_evalEv
FN:138,_ZN4nnet5ileafIiE11copy_helperERKS1_
FN:138,_ZN4nnet5ileafIdE11copy_helperERKS1_
FN:154,_ZN4nnet5ileafIdE11move_helperEOS1_
FN:154,_ZN4nnet5ileafIiE11move_helperEOS1_
FNDA:11202,_ZN4nnet5ileafIdED2Ev
FNDA:0,_ZNK4nnet5ileafIdE13get_argumentsEv
FNDA:434,_ZN4nnet5ileafIdEC2ERKS1_
FNDA:256,_ZNK4nnet5ileafIiE9get_shapeEv
FNDA:192,_ZN4nnet5ileafIdE4moveEv
FNDA:0,_ZN4nnet5ileafIiEC2ERKS1_
FNDA:0,_ZN4nnet5ileafIiED0Ev
FNDA:0,_ZNK4nnet5ileafIiE13get_argumentsEv
FNDA:320,_ZN4nnet5ileafIdEaSEOS1_
FNDA:0,_ZN4nnet5ileafIiE11copy_helperERKS1_
FNDA:348,_ZN4nnet5ileafIiED2Ev
FNDA:301008,_ZNK4nnet5ileafIdE8get_evalEv
FNDA:10456,_ZN4nnet5ileafIdEC2ERKNS_11tensorshapeENSt7__cxx1112basic_stringIcSt11char_traitsIcESaIcEEE
FNDA:320,_ZN4nnet5ileafIdEC2EOS1_
FNDA:0,_ZNK4nnet5ileafIiE11n_argumentsEv
FNDA:0,_ZN4nnet5ileafIiEaSEOS1_
FNDA:256,_ZN4nnet5ileafIiE4evalEv
FNDA:0,_ZN4nnet5ileafIiEC2EOS1_
FNDA:4664,_ZNK4nnet5ileafIdE9get_shapeEv
FNDA:0,_ZN4nnet5ileafIdED0Ev
FNDA:742915,_ZNK4nnet5ileafIdE11good_statusEv
FNDA:1376,_ZNK4nnet5ileafIiE11good_statusEv
FNDA:348,_ZN4nnet5ileafIiEC2ERKNS_11tensorshapeENSt7__cxx1112basic_stringIcSt11char_traitsIcESaIcEEE
FNDA:352,_ZN4nnet5ileafIdEaSERKS1_
FNDA:15481,_ZN4nnet5ileafIdE4evalEv
FNDA:0,_ZN4nnet5ileafIiEaSERKS1_
FNDA:0,_ZN4nnet5ileafIiE10read_protoERKN7tenncor12tensor_protoE
FNDA:448,_ZNK4nnet5ileafIiE10get_leavesEv
FNDA:24,_ZN4nnet5ileafIdE10read_protoERKN7tenncor12tensor_protoE
FNDA:704,_ZNK4nnet5ileafIiE8get_evalEv
FNDA:192,_ZNK4nnet5ileafIdE5cloneEv
FNDA:786,_ZN4nnet5ileafIdE11copy_helperERKS1_
FNDA:640,_ZN4nnet5ileafIdE11move_helperEOS1_
FNDA:7010,_ZNK4nnet5ileafIdE10get_leavesEv
FNDA:0,_ZN4nnet5ileafIiE11move_helperEOS1_
FNDA:0,_ZNK4nnet5ileafIdE11n_argumentsEv
FNF:36
FNH:23
DA:15,11550
DA:17,11550
DA:18,23100
DA:21,192
DA:23,192
DA:27,192
DA:29,192
DA:33,352
DA:35,352
DA:37,352
DA:38,352
DA:39,352
DA:41,352
DA:45,320
DA:47,320
DA:49,320
DA:50,320
DA:51,320
DA:53,320
DA:57,0
DA:59,0
DA:63,0
DA:65,0
DA:69,15737
DA:71,15737
DA:75,4920
DA:77,4920
DA:79,4920
DA:81,0
DA:85,7458
DA:87,7458
DA:91,744291
DA:93,744291
DA:97,24
DA:99,24
DA:100,24
DA:102,24
DA:103,24
DA:105,24
DA:109,10804
DA:111,10804
DA:114,434
DA:115,434
DA:117,434
DA:118,434
DA:121,320
DA:122,320
DA:124,320
DA:125,320
DA:128,301712
DA:130,301712
DA:132,480
DA:134,301232
DA:138,786
DA:140,786
DA:142,352
DA:143,352
DA:145,786
DA:147,786
DA:149,786
DA:151,786
DA:154,640
DA:156,640
DA:158,320
DA:160,640
DA:161,640
DA:162,640
DA:163,640
LF:68
LH:63
end_of_record
TN:
SF:/usr/src/rocapp/app/tenncor/src/graph/leaf/ivariable.ipp
FN:15,_ZN4nnet9ivariableIiED0Ev
FN:15,_ZN4nnet9ivariableIiED2Ev
FN:15,_ZN4nnet9ivariableIdED2Ev
FN:15,_ZN4nnet9ivariableIdED0Ev
FN:24,_ZNK4nnet9ivariableIdE5cloneEv
FN:30,_ZN4nnet9ivariableIdE4moveEv
FN:36,_ZN4nnet9ivariableIiEaSERKS1_
FN:36,_ZN4nnet9ivariableIdEaSERKS1_
FN:48,_ZN4nnet9ivariableIdEaSEOS1_
FN:48,_ZN4nnet9ivariableIiEaSEOS1_
FN:60,_ZN4nnet9ivariableIdE6deriveEPNS_5inodeIdEE
FN:60,_ZN4nnet9ivariableIiE6deriveEPNS_5inodeIiEE
FN:70,_ZNK4nnet9ivariableIdE8can_initEv
FN:76,_ZN4nnet9ivariableIiEC2ERKNS_11tensorshapeEPNS_11initializerIiEENSt7__cxx1112basic_stringIcSt11char_traitsIcESaIcEEE
FN:76,_ZN4nnet9ivariableIdEC2ERKNS_11tensorshapeEPNS_11initializerIdEENSt7__cxx1112basic_stringIcSt11char_traitsIcESaIcEEE
FN:82,_ZN4nnet9ivariableIiEC2ERKS1_
FN:82,_ZN4nnet9ivariableIdEC2ERKS1_
FN:89,_ZN4nnet9ivariableIdEC2EOS1_
FN:89,_ZN4nnet9ivariableIiEC2EOS1_
FN:96,_ZN4nnet9ivariableIiE11copy_helperERKS1_
FN:96,_ZN4nnet9ivariableIdE11copy_helperERKS1_
FN:114,_ZN4nnet9ivariableIdE11move_helperEOS1_
FN:114,_ZN4nnet9ivariableIiE11move_helperEOS1_
FNDA:0,_ZN4nnet9ivariableIiEC2ERKS1_
FNDA:224,_ZN4nnet9ivariableIdEaSEOS1_
FNDA:64,_ZNK4nnet9ivariableIdE5cloneEv
FNDA:416,_ZN4nnet9ivariableIdE6deriveEPNS_5inodeIdEE
FNDA:320,_ZN4nnet9ivariableIiED2Ev
FNDA:448,_ZN4nnet9ivariableIdE11move_helperEOS1_
FNDA:0,_ZN4nnet9ivariableIiED0Ev
FNDA:0,_ZN4nnet9ivariableIiEaSERKS1_
FNDA:0,_ZN4nnet9ivariableIiEaSEOS1_
FNDA:960,_ZNK4nnet9ivariableIdE8can_initEv
FNDA:0,_ZN4nnet9ivariableIiE11copy_helperERKS1_
FNDA:5633,_ZN4nnet9ivariableIdED2Ev
FNDA:64,_ZN4nnet9ivariableIdE4moveEv
FNDA:5071,_ZN4nnet9ivariableIdEC2ERKNS_11tensorshapeEPNS_11initializerIdEENSt7__cxx1112basic_stringIcSt11char_traitsIcESaIcEEE
FNDA:320,_ZN4nnet9ivariableIiEC2ERKNS_11tensorshapeEPNS_11initializerIiEENSt7__cxx1112basic_stringIcSt11char_traitsIcESaIcEEE
FNDA:224,_ZN4nnet9ivariableIdEC2EOS1_
FNDA:256,_ZN4nnet9ivariableIdEaSERKS1_
FNDA:338,_ZN4nnet9ivariableIdEC2ERKS1_
FNDA:0,_ZN4nnet9ivariableIiE6deriveEPNS_5inodeIiEE
FNDA:0,_ZN4nnet9ivariableIdED0Ev
FNDA:594,_ZN4nnet9ivariableIdE11copy_helperERKS1_
FNDA:0,_ZN4nnet9ivariableIiEC2EOS1_
FNDA:0,_ZN4nnet9ivariableIiE11move_helperEOS1_
FNF:23
FNH:14
DA:15,5953
DA:17,5953
DA:19,4665
DA:21,11906
DA:24,64
DA:26,64
DA:30,64
DA:32,64
DA:36,256
DA:38,256
DA:40,256
DA:41,256
DA:42,256
DA:44,256
DA:48,224
DA:50,224
DA:52,224
DA:53,224
DA:54,224
DA:56,224
DA:60,416
DA:62,416
DA:64,352
DA:66,64
DA:70,960
DA:72,960
DA:76,5391
DA:79,5391
DA:82,338
DA:83,338
DA:85,338
DA:86,338
DA:89,224
DA:90,224
DA:92,224
DA:93,224
DA:96,594
DA:98,594
DA:99,352
DA:101,128
DA:103,352
DA:105,320
DA:109,32
DA:114,448
DA:116,448
DA:117,288
DA:119,128
DA:121,288
DA:122,288
LF:49
LH:49
end_of_record
TN:
SF:/usr/src/rocapp/app/tenncor/src/graph/leaf/placeholder.ipp
FN:15,_ZN4nnet11placeholderIdEC2ERKNS_11tensorshapeENSt7__cxx1112basic_stringIcSt11char_traitsIcESaIcEEE
FN:19,_ZN4nnet11placeholderIdEC2ERKS1_
FN:22,_ZN4nnet11placeholderIdEC2EOS1_
FN:25,_ZNK4nnet11placeholderIdE5cloneEv
FN:31,_ZN4nnet11placeholderIdE4moveEv
FN:37,_ZN4nnet11placeholderIdEaSERKS1_
FN:47,_ZN4nnet11placeholderIdEaSEOS1_
FN:58,_ZN4nnet11placeholderIdEaSESt6vectorIdSaIdEE
FN:85,_ZN4nnet11placeholderIdEaSERNS_6tensorIdEE
FN:94,_ZNK4nnet11placeholderIdE10clone_implEv
FN:100,_ZN4nnet11placeholderIdE9move_implEv
FN:106,_ZN4nnet11placeholderIdE12get_gradientEPNS_8variableIdEE
FNDA:32,_ZN4nnet11placeholderIdEC2EOS1_
FNDA:406,_ZN4nnet11placeholderIdEC2ERKNS_11tensorshapeENSt7__cxx1112basic_stringIcSt11char_traitsIcESaIcEEE
FNDA:82,_ZNK4nnet11placeholderIdE10clone_implEv
FNDA:32,_ZN4nnet11placeholderIdEaSERNS_6tensorIdEE
FNDA:56770,_ZN4nnet11placeholderIdEaSESt6vectorIdSaIdEE
FNDA:32,_ZN4nnet11placeholderIdEaSEOS1_
FNDA:64,_ZN4nnet11placeholderIdEaSERKS1_
FNDA:82,_ZNK4nnet11placeholderIdE5cloneEv
FNDA:82,_ZN4nnet11placeholderIdEC2ERKS1_
FNDA:32,_ZN4nnet11placeholderIdE4moveEv
FNDA:32,_ZN4nnet11placeholderIdE9move_implEv
FNDA:128,_ZN4nnet11placeholderIdE12get_gradientEPNS_8variableIdEE
FNF:12
FNH:12
DA:15,406
DA:16,406
DA:19,82
DA:22,32
DA:25,82
DA:27,82
DA:31,32
DA:33,32
DA:37,64
DA:39,64
DA:41,64
DA:43,64
DA:47,32
DA:49,32
DA:51,32
DA:53,32
DA:58,56770
DA:62,56770
DA:64,56770
DA:66,94
DA:68,47
DA:73,0
DA:76,56770
DA:78,56770
DA:79,56770
DA:80,56770
DA:85,32
DA:87,32
DA:88,32
DA:89,32
DA:90,32
DA:94,82
DA:96,82
DA:100,32
DA:102,32
DA:106,128
DA:108,128
LF:37
LH:36
end_of_record
TN:
SF:/usr/src/rocapp/app/tenncor/src/graph/leaf/variable.ipp
FN:15,_ZN4nnet8variableIdEC2EdNSt7__cxx1112basic_stringIcSt11char_traitsIcESaIcEEE
FN:23,_ZN4nnet8variableIdEC2ERKNS_11tensorshapeENSt7__cxx1112basic_stringIcSt11char_traitsIcESaIcEEE
FN:27,_ZN4nnet8variableIiEC2ERKNS_11tensorshapeERKNS_11initializerIiEENSt7__cxx1112basic_stringIcSt11char_traitsIcESaIcEEE
FN:27,_ZN4nnet8variableIdEC2ERKNS_11tensorshapeERKNS_11initializerIdEENSt7__cxx1112basic_stringIcSt11char_traitsIcESaIcEEE
FN:32,_ZNK4nnet8variableIdE5cloneEv
FN:38,_ZN4nnet8variableIdE4moveEv
FN:44,_ZN4nnet8variableIdE15set_initializerERKNS_11initializerIdEE
FN:54,_ZN4nnet8variableIiE10initializeEv
FN:54,_ZN4nnet8variableIdE10initializeEv
FN:71,_ZN4nnet8variableIdE10initializeENS_11tensorshapeE
FN:90,_ZNK4nnet8variableIdE6assignEPNS_5inodeIdEE
FN:93,_ZZNK4nnet8variableIdE6assignEPNS_5inodeIdEEENKUlbE_clEb
FN:125,_ZNK4nnet8variableIdE10assign_subEPNS_5inodeIdEE
FN:128,_ZZNK4nnet8variableIdE10assign_subEPNS_5inodeIdEEENKUlbE_clEb
FN:134,_ZZZNK4nnet8variableIdE10assign_subEPNS_5inodeIdEEENKUlbE_clEbENUlRKdS7_E_4_FUNES7_S7_
FN:134,_ZZZNK4nnet8variableIdE10assign_subEPNS_5inodeIdEEENKUlbE_clEbENKUlRKdS7_E_clES7_S7_
[...]
FN:144,_ZN4nnet13transfer_funcIdEC2ESt8functionIFvPdSt6vectorIPKdSaIS6_EENS_8shape_ioEEE
FN:144,_ZN4nnet13transfer_funcIiEC2ESt8functionIFvPiSt6vectorIPKiSaIS6_EENS_8shape_ioEEE
FN:147,_ZNK4nnet13transfer_funcIdE5cloneEv
FN:147,_ZNK4nnet13transfer_funcIiE5cloneEv
FN:153,_ZN4nnet13transfer_funcIdE4moveEv
FN:153,_ZN4nnet13transfer_funcIiE4moveEv
FN:159,_ZN4nnet13transfer_funcIdEclERNS_6tensorIdEERSt6vectorIPKS3_SaIS7_EE
FN:159,_ZN4nnet13transfer_funcIiEclERNS_6tensorIiEERSt6vectorIPKS3_SaIS7_EE
FN:167,_ZZN4nnet13transfer_funcIiEclERNS_6tensorIiEERSt6vectorIPKS3_SaIS7_EEENKUlS7_E_clES7_
FN:167,_ZZN4nnet13transfer_funcIdEclERNS_6tensorIdEERSt6vectorIPKS3_SaIS7_EEENKUlS7_E_clES7_
FN:176,_ZNK4nnet13transfer_funcIiE10clone_implEv
FN:176,_ZNK4nnet13transfer_funcIdE10clone_implEv
FN:182,_ZN4nnet13transfer_funcIdE9move_implEv
FN:182,_ZN4nnet13transfer_funcIiE9move_implEv
FN:188,_ZNK4nnet11initializerIiE5cloneEv
FN:188,_ZNK4nnet11initializerIdE5cloneEv
FN:200,_ZN4nnet11initializerIdEclERNS_6tensorIdEE
FN:200,_ZN4nnet11initializerIiEclERNS_6tensorIiEE
FN:206,_ZN4nnet10const_initIdEC2Ed
FN:206,_ZN4nnet10const_initIiEC2Ei
FN:209,_ZNK4nnet10const_initIdE5cloneEv
FN:221,_ZNK4nnet10const_initIdE10clone_implEv
FN:221,_ZNK4nnet10const_initIiE10clone_implEv
FN:227,_ZN4nnet10const_initIiE9move_implEv
FN:227,_ZN4nnet10const_initIdE9move_implEv
FN:233,_ZN4nnet10const_initIdE9calc_dataEPdNS_11tensorshapeE
FN:233,_ZN4nnet10const_initIiE9calc_dataEPiNS_11tensorshapeE
FN:240,_ZN4nnet12rand_uniformIdEC2Edd
FN:240,_ZN4nnet12rand_uniformIiEC2Eii
FN:244,_ZNK4nnet12rand_uniformIdE5cloneEv
FN:256,_ZNK4nnet12rand_uniformIdE10clone_implEv
FN:256,_ZNK4nnet12rand_uniformIiE10clone_implEv
FN:262,_ZN4nnet12rand_uniformIdE9move_implEv
FN:262,_ZN4nnet12rand_uniformIiE9move_implEv
FN:268,_ZN4nnet12rand_uniformIdE9calc_dataEPdNS_11tensorshapeE
FN:268,_ZN4nnet12rand_uniformIiE9calc_dataEPiNS_11tensorshapeE
FNDA:732,_ZNK4nnet15itensor_handlerIiE7get_rawERNS_6tensorIiEE
FNDA:4994,_ZNK4nnet15shape_extracterIdEclERNS_6tensorIdEERSt6vectorINS_11tensorshapeESaIS6_EE
FNDA:0,_ZNK4nnet15shape_extracterIdE10get_shaperEv
FNDA:32,_ZNK4nnet12rand_uniformIdE5cloneEv
FNDA:0,_ZN4nnet10const_initIiE9move_implEv
FNDA:64,_ZN4nnet13transfer_funcIdE4moveEv
FNDA:0,_ZNK4nnet11assign_funcIiE10clone_implEv
FNDA:0,_ZNK4nnet13transfer_funcIiE10clone_implEv
FNDA:5198,_ZN4nnet10const_initIdE9calc_dataEPdNS_11tensorshapeE
FNDA:320,_ZNK4nnet11initializerIiE5cloneEv
FNDA:2383,_ZNK4nnet13transfer_funcIdE5cloneEv
FNDA:640,_ZZN4nnet13transfer_funcIiEclERNS_6tensorIiEERSt6vectorIPKS3_SaIS7_EEENKUlS7_E_clES7_
FNDA:1676,_ZN4nnet12rand_uniformIdE9calc_dataEPdNS_11tensorshapeE
FNDA:0,_ZN4nnet15shape_extracterIdE9move_implEv
FNDA:1480,_ZN4nnet12rand_uniformIdEC2Edd
FNDA:2056,_ZNK4nnet12rand_uniformIdE10clone_implEv
FNDA:0,_ZNK4nnet11assign_funcIdE10clone_implEv
FNDA:10165,_ZN4nnet13transfer_funcIdEC2ESt8functionIFvPdSt6vectorIPKdSaIS6_EENS_8shape_ioEEE
FNDA:6874,_ZN4nnet11initializerIdEclERNS_6tensorIdEE
FNDA:320,_ZNK4nnet12rand_uniformIiE10clone_implEv
FNDA:96,_ZN4nnet12rand_uniformIiEC2Eii
FNDA:0,_ZN4nnet11assign_funcIiE9move_implEv
FNDA:8,_ZN4nnet15shape_extracterIdEC2ESt8functionIFSt6vectorImSaImEERNS_11tensorshapeEEE
FNDA:1292199,_ZN4nnet13transfer_funcIdEclERNS_6tensorIdEERSt6vectorIPKS3_SaIS7_EE
FNDA:64,_ZN4nnet13transfer_funcIdE9move_implEv
FNDA:1224,_ZNK4nnet10const_initIdE10clone_implEv
FNDA:0,_ZNK4nnet15shape_extracterIdE5cloneEv
FNDA:4682,_ZN4nnet10const_initIdEC2Ed
FNDA:1434977,_ZNK4nnet15itensor_handlerIdE7get_rawERNS_6tensorIdEE
FNDA:96,_ZNK4nnet15itensor_handlerIdE5cloneEv
FNDA:416,_ZN4nnet13transfer_funcIiEC2ESt8functionIFvPiSt6vectorIPKiSaIS6_EENS_8shape_ioEEE
FNDA:0,_ZN4nnet12rand_uniformIdE9move_implEv
FNDA:0,_ZNK4nnet11assign_funcIiEclERNS_6tensorIiEESt6vectorIiSaIiEESt8functionIFiRKiSA_EE
FNDA:640,_ZNK4nnet15itensor_handlerIiE7get_rawERKNS_6tensorIiEE
FNDA:71948,_ZNK4nnet11assign_funcIdEclERNS_6tensorIdEERKS3_St8functionIFdRKdS9_EE
FNDA:0,_ZN4nnet13transfer_funcIiE9move_implEv
FNDA:1910978,_ZNK4nnet15itensor_handlerIdE7get_rawERKNS_6tensorIdEE
FNDA:0,_ZN4nnet10const_initIdE9move_implEv
FNDA:0,_ZNK4nnet15shape_extracterIdE10clone_implEv
FNDA:58962,_ZNK4nnet11assign_funcIdEclERNS_6tensorIdEESt6vectorIdSaIdEESt8functionIFdRKdSA_EE
FNDA:0,_ZN4nnet13transfer_funcIiE4moveEv
FNDA:32,_ZNK4nnet10const_initIdE5cloneEv
FNDA:0,_ZN4nnet12rand_uniformIiE9move_implEv
FNDA:348,_ZN4nnet11initializerIiEclERNS_6tensorIiEE
FNDA:0,_ZN4nnet15shape_extracterIdE4moveEv
FNDA:28,_ZN4nnet10const_initIiE9calc_dataEPiNS_11tensorshapeE
FNDA:384,_ZN4nnet13transfer_funcIiEclERNS_6tensorIiEERSt6vectorIPKS3_SaIS7_EE
FNDA:1839030,_ZZN4nnet13transfer_funcIdEclERNS_6tensorIdEERSt6vectorIPKS3_SaIS7_EEENKUlS7_E_clES7_
FNDA:0,_ZNK4nnet10const_initIiE10clone_implEv
FNDA:28,_ZN4nnet10const_initIiEC2Ei
FNDA:3152,_ZNK4nnet11initializerIdE5cloneEv
FNDA:2415,_ZNK4nnet13transfer_funcIdE10clone_implEv
FNDA:0,_ZNK4nnet13transfer_funcIiE5cloneEv
FNDA:320,_ZN4nnet12rand_uniformIiE9calc_dataEPiNS_11tensorshapeE
FNDA:0,_ZN4nnet11assign_funcIdE9move_implEv
FNF:55
FNH:36
DA:17,96
DA:19,96
DA:29,1435709
DA:31,1435709
DA:32,1435709
DA:36,1911618
DA:38,1911618
DA:39,1911618
DA:43,8
DA:46,0
DA:48,0
DA:52,0
DA:54,0
DA:58,4994
DA:60,4994
DA:61,9988
DA:62,4994
DA:63,4994
DA:64,4994
DA:65,9988
DA:67,9988
DA:68,9988
DA:70,4994
DA:73,4994
DA:76,0
DA:79,0
DA:81,0
DA:85,0
DA:87,0
DA:103,71948
DA:106,143896
DA:107,71948
DA:108,71948
DA:109,71948
DA:110,71948
DA:111,3351291
DA:113,3279343
DA:115,71948
DA:118,58962
DA:121,117924
DA:122,58962
DA:123,58962
DA:124,58962
DA:125,9573270
DA:127,9514308
DA:129,58962
DA:132,0
DA:134,0
DA:138,0
DA:140,0
DA:144,10581
DA:147,2383
DA:149,2383
DA:153,64
DA:155,64
DA:159,1292583
DA:161,1292583
DA:162,1292583
DA:163,2585166
DA:164,2585166
DA:166,1292583
DA:167,1839670
DA:168,3679340
DA:169,3679340
DA:170,1839670
DA:172,1292583
DA:173,1292583
DA:176,2415
DA:178,2415
DA:182,64
DA:184,64
DA:188,3472
DA:190,3472
DA:200,7222
DA:202,7222
DA:203,7222
DA:206,4710
DA:209,32
DA:211,32
DA:221,1224
DA:223,1224
DA:227,0
DA:229,0
DA:233,5226
DA:235,5226
DA:236,5226
DA:237,5226
DA:240,1576
DA:241,1576
DA:244,32
DA:246,32
DA:256,2376
DA:258,2376
DA:262,0
DA:264,0
DA:268,1996
DA:270,1996
DA:271,1996
DA:272,1996
DA:273,1996
LF:100
LH:83
end_of_record
TN:
SF:/usr/src/rocapp/app/tenncor/src/tensor/tensorshape.cpp
FN:16,_ZN4nnet11tensorshapeC2ERKSt6vectorImSaImEE
FN:19,_ZN4nnet11tensorshapeaSERKSt6vectorImSaImEE
FN:25,_ZNK4nnet11tensorshape7as_listEv
FN:30,_ZNK4nnet11tensorshape7n_elemsEv
FN:41,_ZNK4nnet11tensorshape7n_knownEv
FN:49,_ZZNK4nnet11tensorshape7n_knownEvENKUlmmE_clEmm
FN:59,_ZNK4nnet11tensorshape4rankEv
FN:64,_ZNK4nnet11tensorshape18is_compatible_withERKS0_
FN:123,_ZNK4nnet11tensorshape15is_part_definedEv
FN:128,_ZNK4nnet11tensorshape16is_fully_definedEv
FN:142,_ZNK4nnet11tensorshape15assert_has_rankEm
FN:147,_ZNK4nnet11tensorshape16assert_same_rankERKS0_
FN:153,_ZNK4nnet11tensorshape23assert_is_fully_definedEv
FN:158,_ZN4nnet11tensorshape8undefineEv
FN:160,_ZNK4nnet11tensorshape10merge_withERKS0_
FN:194,_ZNK4nnet11tensorshape4trimEv
FN:213,_ZNK4nnet11tensorshape11concatenateERKS0_
FN:228,_ZNK4nnet11tensorshape9with_rankEm
FN:252,_ZNK4nnet11tensorshape18with_rank_at_leastEm
FN:265,_ZNK4nnet11tensorshape17with_rank_at_mostEm
FN:281,_ZNK4nnet11tensorshape8flat_idxESt6vectorImSaImEE
FN:293,_ZNK4nnet11tensorshape19coordinate_from_idxEm
FN:306,_ZNK4nnet11tensorshape7iterateESt8functionIFvSt6vectorImSaImEEmEE
FN:315,_ZN4nnet11print_shapeENS_11tensorshapeERSo
FN:331,_GLOBAL__sub_I_tensorshape.cpp
FN:331,_Z41__static_initialization_and_destruction_0ii
FNDA:192,_ZNK4nnet11tensorshape16assert_same_rankERKS0_
FNDA:1185304,_ZNK4nnet11tensorshape7as_listEv
FNDA:192,_ZNK4nnet11tensorshape11concatenateERKS0_
FNDA:18,_GLOBAL__sub_I_tensorshape.cpp
FNDA:0,_ZNK4nnet11tensorshape7iterateESt8functionIFvSt6vectorImSaImEEmEE
FNDA:869,_ZNK4nnet11tensorshape7n_knownEv
FNDA:2382135,_ZNK4nnet11tensorshape18is_compatible_withERKS0_
FNDA:18756196,_ZNK4nnet11tensorshape19coordinate_from_idxEm
FNDA:704,_ZNK4nnet11tensorshape4trimEv
FNDA:192,_ZNK4nnet11tensorshape17with_rank_at_mostEm
FNDA:17660423,_ZNK4nnet11tensorshape16is_fully_definedEv
FNDA:96,_ZNK4nnet11tensorshape15assert_has_rankEm
FNDA:1039,_ZNK4nnet11tensorshape15is_part_definedEv
FNDA:800,_ZN4nnet11print_shapeENS_11tensorshapeERSo
FNDA:4358,_ZZNK4nnet11tensorshape7n_knownEvENKUlmmE_clEmm
FNDA:152,_ZN4nnet11tensorshape8undefineEv
FNDA:512,_ZNK4nnet11tensorshape9with_rankEm
FNDA:30107211,_ZNK4nnet11tensorshape8flat_idxESt6vectorImSaImEE
FNDA:320,_ZNK4nnet11tensorshape10merge_withERKS0_
FNDA:3530779,_ZNK4nnet11tensorshape7n_elemsEv
FNDA:18,_Z41__static_initialization_and_destruction_0ii
FNDA:96,_ZN4nnet11tensorshapeaSERKSt6vectorImSaImEE
FNDA:526107,_ZNK4nnet11tensorshape4rankEv
FNDA:89264,_ZNK4nnet11tensorshape23assert_is_fully_definedEv
FNDA:192,_ZNK4nnet11tensorshape18with_rank_at_leastEm
FNDA:480082,_ZN4nnet11tensorshapeC2ERKSt6vectorImSaImEE
FNF:26
FNH:25
DA:16,480082
DA:17,480082
DA:19,96
DA:21,96
DA:22,96
DA:25,1185304
DA:27,1185304
DA:30,3530779
DA:32,3530779
DA:34,1470
DA:36,3529309
DA:37,3529309
DA:38,3529309
DA:41,869
DA:43,869
DA:45,256
DA:47,1226
DA:49,4358
DA:50,4358
DA:52,2543
DA:54,1815
DA:55,613
DA:56,613
DA:59,526107
DA:61,526107
DA:64,2382135
DA:66,2382135
DA:67,2382135
DA:69,1555808
DA:70,1555808
DA:71,1555808
DA:72,1555808
DA:74,1555808
DA:75,1555808
DA:77,1555808
DA:79,399
DA:80,400
DA:81,391
DA:82,391
DA:83,391
DA:84,391
DA:85,391
DA:91,280
DA:92,307
DA:94,191
DA:96,142
DA:98,200
DA:101,200
DA:102,200
DA:104,200
DA:106,200
DA:111,6836296
DA:113,7915495
DA:114,2640369
DA:115,3907
DA:116,2640415
DA:117,2640415
DA:120,2381793
DA:123,1039
DA:125,1039
DA:128,17660423
DA:130,17660423
DA:132,21936
DA:134,17638487
DA:135,48493742
DA:137,30855255
DA:139,17638487
DA:142,96
DA:144,96
DA:145,96
DA:147,192
DA:149,192
DA:151,192
DA:153,89264
DA:155,89264
DA:156,89264
DA:158,152
DA:160,320
DA:162,320
DA:164,160
DA:166,160
DA:168,0
DA:170,160
DA:172,64
DA:173,96
DA:174,96
DA:176,256
DA:177,2128
DA:179,2000
DA:180,2000
DA:181,2000
DA:183,1936
DA:188,64
DA:191,128
DA:194,704
DA:196,1408
DA:197,704
DA:199,672
DA:200,672
DA:201,4551
DA:202,4708
DA:203,672
DA:205,1280
DA:206,1280
DA:207,2560
DA:210,1408
DA:213,192
DA:215,192
DA:217,64
DA:219,128
DA:221,64
DA:223,128
DA:224,64
DA:225,64
DA:228,512
DA:230,512
DA:231,1024
DA:232,512
DA:235,87
DA:236,87
DA:238,425
DA:241,125
DA:242,125
DA:243,125
DA:247,300
DA:249,1024
DA:252,192
DA:254,192
DA:255,384
DA:256,192
DA:259,125
DA:260,125
DA:262,384
DA:265,192
DA:267,384
DA:268,192
DA:271,64
DA:272,64
DA:276,128
DA:278,384
DA:281,30107211
DA:283,30107211
DA:284,30107211
DA:285,53642408
DA:287,23535197
DA:288,23535197
DA:290,30107211
DA:293,18756196
DA:295,18756196
DA:296,18756196
DA:297,56910625
DA:299,38154429
DA:300,38154429
DA:301,38154429
DA:303,18756196
DA:306,0
DA:308,0
DA:309,0
DA:311,0
DA:313,0
DA:315,800
DA:317,1600
DA:318,800
DA:320,0
DA:324,3257
DA:326,2457
DA:329,800
DA:331,54
LF:168
LH:161
end_of_record
TN:
SF:/usr/src/rocapp/app/tenncor/src/utils/futils.ipp
FN:11,_ZN4nnet7sigmoidIdEENS_6varptrIT_EES3_
FN:17,_ZN4nnet4tanhIdEENS_6varptrIT_EES3_
FNDA:160,_ZN4nnet7sigmoidIdEENS_6varptrIT_EES3_
FNDA:24,_ZN4nnet4tanhIdEENS_6varptrIT_EES3_
FNF:2
FNH:2
DA:11,160
DA:13,160
DA:17,24
DA:19,48
DA:20,48
LF:5
LH:5
end_of_record
TN:
SF:/usr/src/rocapp/app/tenncor/src/utils/gd_utils.cpp
FN:12,_ZN4nnet10gd_updaterC2Ed
FN:14,_ZN4nnet10gd_updaterD2Ev
FN:14,_ZN4nnet10gd_updaterD0Ev
FN:16,_ZNK4nnet10gd_updater5cloneEv
FN:18,_ZN4nnet10gd_updater4moveEv
FN:20,_ZN4nnet10gd_updater9calculateEPNS_5inodeIdEESt8functionIFNS_6varptrIdEES6_PNS_8variableIdEEEE
FN:42,_ZN4nnet10gd_updater14ignore_subtreeEPNS_5inodeIdEE
FN:54,_ZN4nnet10gd_updater12clear_ignoreEv
FN:59,_ZN4nnet10gd_updater17set_learning_rateEd
FN:65,_ZN4nnet11vgb_updaterC2Ed
FN:67,_ZN4nnet11vgb_updater5cloneEv
FN:69,_ZN4nnet11vgb_updater4moveEv
FN:71,_ZNK4nnet11vgb_updater10clone_implEv
FN:76,_ZN4nnet11vgb_updater9move_implEv
FN:81,_ZN4nnet11vgb_updater14process_updateERNS_6varptrIdEEPNS_8variableIdEESt8functionIFS2_S2_S6_EE
FN:89,_ZN4nnet16momentum_updater5cloneEv
FN:91,_ZN4nnet16momentum_updater4moveEv
FN:93,_ZNK4nnet16momentum_updater10clone_implEv
FN:98,_ZN4nnet16momentum_updater9move_implEv
FN:103,_ZN4nnet16momentum_updater14process_updateERNS_6varptrIdEEPNS_8variableIdEESt8functionIFS2_S2_S6_EE
FN:107,_ZZN4nnet16momentum_updater14process_updateERNS_6varptrIdEEPNS_8variableIdEESt8functionIFS2_S2_S6_EEENKUlbE_clEb
FN:111,_ZN4nnet16adadelta_updater5cloneEv
FN:113,_ZN4nnet16adadelta_updater4moveEv
FN:115,_ZNK4nnet16adadelta_updater10clone_implEv
FN:120,_ZN4nnet16adadelta_updater9move_implEv
FN:125,_ZN4nnet16adadelta_updater14process_updateERNS_6varptrIdEEPNS_8variableIdEESt8functionIFS2_S2_S6_EE
FN:129,_ZZN4nnet16adadelta_updater14process_updateERNS_6varptrIdEEPNS_8variableIdEESt8functionIFS2_S2_S6_EEENKUlbE_clEb
FN:133,_ZN4nnet14adagradupdater5cloneEv
FN:135,_ZN4nnet14adagradupdater4moveEv
FN:137,_ZNK4nnet14adagradupdater10clone_implEv
FN:142,_ZN4nnet14adagradupdater9move_implEv
FN:147,_ZN4nnet14adagradupdater14process_updateERNS_6varptrIdEEPNS_8variableIdEESt8functionIFS2_S2_S6_EE
FN:151,_ZZN4nnet14adagradupdater14process_updateERNS_6varptrIdEEPNS_8variableIdEESt8functionIFS2_S2_S6_EEENKUlbE_clEb
FN:155,_ZN4nnet14rmspropupdaterC2Edd
FN:159,_ZN4nnet14rmspropupdaterD0Ev
FN:159,_ZN4nnet14rmspropupdaterD2Ev
FN:167,_ZN4nnet14rmspropupdater5cloneEv
FN:169,_ZN4nnet14rmspropupdater4moveEv
FN:171,_ZNK4nnet14rmspropupdater10clone_implEv
FN:176,_ZN4nnet14rmspropupdater9move_implEv
FN:181,_ZN4nnet14rmspropupdateraSERKS0_
FN:191,_ZN4nnet14rmspropupdateraSEOS0_
FN:201,_ZN4nnet14rmspropupdater19set_discount_factorEd
FN:206,_ZN4nnet14rmspropupdaterC2ERKS0_
FN:210,_ZN4nnet14rmspropupdaterC2EOS0_
FN:214,_ZN4nnet14rmspropupdater14process_updateERNS_6varptrIdEEPNS_8variableIdEESt8functionIFS2_S2_S6_EE
FN:229,_ZZN4nnet14rmspropupdater14process_updateERNS_6varptrIdEEPNS_8variableIdEESt8functionIFS2_S2_S6_EEENKUlbE_clEb
FN:229,_ZZN4nnet14rmspropupdater14process_updateERNS_6varptrIdEEPNS_8variableIdEESt8functionIFS2_S2_S6_EEENUlbE_C2EOSA_
FN:229,_ZZN4nnet14rmspropupdater14process_updateERNS_6varptrIdEEPNS_8variableIdEESt8functionIFS2_S2_S6_EEENUlbE_C2ERKSA_
FN:229,_ZZN4nnet14rmspropupdater14process_updateERNS_6varptrIdEEPNS_8variableIdEESt8functionIFS2_S2_S6_EEENUlbE_D2Ev
FN:237,_Z41__static_initialization_and_destruction_1ii
FN:237,_Z41__static_initialization_and_destruction_0ii
FN:237,_GLOBAL__sub_I_gd_utils.cpp
FNDA:0,_ZN4nnet16adadelta_updater5cloneEv
FNDA:2,_ZN4nnet10gd_updater4moveEv
FNDA:32,_ZN4nnet14rmspropupdater14process_updateERNS_6varptrIdEEPNS_8variableIdEESt8functionIFS2_S2_S6_EE
FNDA:32,_ZZN4nnet14rmspropupdater14process_updateERNS_6varptrIdEEPNS_8variableIdEESt8functionIFS2_S2_S6_EEENUlbE_C2EOSA_
FNDA:19976,_ZZN4nnet14rmspropupdater14process_updateERNS_6varptrIdEEPNS_8variableIdEESt8functionIFS2_S2_S6_EEENKUlbE_clEb
FNDA:4,_Z41__static_initialization_and_destruction_1ii
FNDA:0,_ZZN4nnet16adadelta_updater14process_updateERNS_6varptrIdEEPNS_8variableIdEESt8functionIFS2_S2_S6_EEENKUlbE_clEb
FNDA:4,_Z41__static_initialization_and_destruction_0ii
FNDA:2,_ZN4nnet14rmspropupdater9move_implEv
FNDA:2,_ZN4nnet14rmspropupdaterC2Edd
FNDA:0,_ZN4nnet14adagradupdater5cloneEv
FNDA:16,_ZN4nnet10gd_updater9calculateEPNS_5inodeIdEESt8functionIFNS_6varptrIdEES6_PNS_8variableIdEEEE
FNDA:20,_ZN4nnet10gd_updaterD2Ev
FNDA:0,_ZN4nnet11vgb_updater4moveEv
FNDA:0,_ZN4nnet16momentum_updater5cloneEv
FNDA:8,_ZN4nnet14rmspropupdaterD0Ev
FNDA:32,_ZN4nnet11vgb_updater14process_updateERNS_6varptrIdEEPNS_8variableIdEESt8functionIFS2_S2_S6_EE
FNDA:0,_ZN4nnet11vgb_updater9move_implEv
FNDA:0,_ZZN4nnet16momentum_updater14process_updateERNS_6varptrIdEEPNS_8variableIdEESt8functionIFS2_S2_S6_EEENKUlbE_clEb
FNDA:24,_ZZN4nnet14rmspropupdater14process_updateERNS_6varptrIdEEPNS_8variableIdEESt8functionIFS2_S2_S6_EEENUlbE_C2ERKSA_
FNDA:0,_ZN4nnet16momentum_updater9move_implEv
FNDA:88,_ZZN4nnet14rmspropupdater14process_updateERNS_6varptrIdEEPNS_8variableIdEESt8functionIFS2_S2_S6_EEENUlbE_D2Ev
FNDA:0,_ZN4nnet16momentum_updater4moveEv
FNDA:0,_ZN4nnet16adadelta_updater9move_implEv
FNDA:0,_ZN4nnet14adagradupdater9move_implEv
FNDA:0,_ZN4nnet16momentum_updater14process_updateERNS_6varptrIdEEPNS_8variableIdEESt8functionIFS2_S2_S6_EE
FNDA:8,_ZNK4nnet11vgb_updater10clone_implEv
FNDA:0,_ZN4nnet14rmspropupdateraSEOS0_
FNDA:0,_ZN4nnet10gd_updaterD0Ev
FNDA:4,_GLOBAL__sub_I_gd_utils.cpp
FNDA:6,_ZNK4nnet14rmspropupdater10clone_implEv
FNDA:10,_ZN4nnet14rmspropupdaterD2Ev
FNDA:0,_ZN4nnet14rmspropupdateraSERKS0_
FNDA:0,_ZN4nnet14adagradupdater4moveEv
FNDA:0,_ZN4nnet11vgb_updater5cloneEv
FNDA:0,_ZNK4nnet16momentum_updater10clone_implEv
FNDA:0,_ZZN4nnet14adagradupdater14process_updateERNS_6varptrIdEEPNS_8variableIdEESt8functionIFS2_S2_S6_EEENKUlbE_clEb
FNDA:2,_ZN4nnet11vgb_updaterC2Ed
FNDA:8,_ZN4nnet10gd_updater14ignore_subtreeEPNS_5inodeIdEE
FNDA:4,_ZN4nnet10gd_updaterC2Ed
FNDA:6,_ZN4nnet10gd_updater12clear_ignoreEv
FNDA:0,_ZN4nnet14rmspropupdater5cloneEv
FNDA:0,_ZNK4nnet14adagradupdater10clone_implEv
FNDA:0,_ZN4nnet14adagradupdater14process_updateERNS_6varptrIdEEPNS_8variableIdEESt8functionIFS2_S2_S6_EE
FNDA:0,_ZNK4nnet16adadelta_updater10clone_implEv
FNDA:0,_ZN4nnet16adadelta_updater4moveEv
FNDA:14,_ZNK4nnet10gd_updater5cloneEv
FNDA:0,_ZN4nnet10gd_updater17set_learning_rateEd
FNDA:0,_ZN4nnet14rmspropupdater4moveEv
FNDA:6,_ZN4nnet14rmspropupdaterC2ERKS0_
FNDA:0,_ZN4nnet16adadelta_updater14process_updateERNS_6varptrIdEEPNS_8variableIdEESt8functionIFS2_S2_S6_EE
FNDA:2,_ZN4nnet14rmspropupdaterC2EOS0_
FNDA:0,_ZN4nnet14rmspropupdater19set_discount_factorEd
FNF:53
FNH:25
DA:12,4
DA:14,20
DA:16,14
DA:18,2
DA:20,16
DA:22,16
DA:23,32
DA:24,32
DA:25,168
DA:27,152
DA:28,152
DA:30,64
DA:34,80
DA:36,128
DA:37,64
DA:39,32
DA:42,8
DA:44,16
DA:45,48
DA:47,40
DA:49,32
DA:52,8
DA:54,6
DA:56,6
DA:57,6
DA:59,0
DA:61,0
DA:62,0
DA:65,2
DA:67,0
DA:69,0
DA:71,8
DA:73,8
DA:76,0
DA:78,0
DA:81,32
DA:85,32
DA:89,0
DA:91,0
DA:93,0
DA:95,0
DA:98,0
DA:100,0
DA:103,0
DA:106,0
DA:107,0
DA:111,0
DA:113,0
DA:115,0
DA:117,0
DA:120,0
DA:122,0
DA:125,0
DA:128,0
DA:129,0
DA:133,0
DA:135,0
DA:137,0
DA:139,0
DA:142,0
DA:144,0
DA:147,0
DA:150,0
DA:151,0
DA:155,2
DA:157,4
DA:159,28
DA:161,42
DA:163,32
DA:165,18
DA:167,0
DA:169,0
DA:171,6
DA:173,6
DA:176,2
DA:178,2
DA:181,0
DA:183,0
DA:185,0
DA:186,0
DA:188,0
DA:191,0
DA:193,0
DA:195,0
DA:196,0
DA:198,0
DA:201,0
DA:203,0
DA:204,0
DA:206,6
DA:208,12
DA:210,2
DA:211,2
DA:212,4
DA:214,32
DA:217,64
DA:218,32
DA:219,32
DA:220,32
DA:224,64
DA:225,64
DA:226,64
DA:227,64
DA:228,64
DA:229,20120
DA:231,19976
DA:232,19976
DA:233,20040
DA:237,20
LF:109
LH:60
end_of_record
TN:
SF:/usr/src/rocapp/app/tenncor/src/utils/utils.cpp
FN:9,_ZN7nnutils9formatterC2Ev
FN:11,_ZN7nnutils9formatterD2Ev
FN:13,_ZNK7nnutils9formatter3strB5cxx11Ev
FN:18,_ZNK7nnutils9formattercvNSt7__cxx1112basic_stringIcSt11char_traitsIcESaIcEEEB5cxx11Ev
FN:23,_ZN7nnutils9formatterrsB5cxx11ENS0_17convert_to_stringE
FN:28,_ZN7nnutils4uuidB5cxx11EPKv
FN:45,_ZN7nnutils13get_generatorEv
FN:51,_ZN7nnutils14seed_generatorEm
FN:56,_GLOBAL__sub_I_utils.cpp
FN:56,_Z41__static_initialization_and_destruction_0ii
FNDA:18,_Z41__static_initialization_and_destruction_0ii
FNDA:18,_GLOBAL__sub_I_utils.cpp
FNDA:107575,_ZN7nnutils4uuidB5cxx11EPKv
FNDA:11121,_ZN7nnutils9formatterD2Ev
FNDA:0,_ZN7nnutils14seed_generatorEm
FNDA:11121,_ZN7nnutils9formatterC2Ev
FNDA:2192,_ZNK7nnutils9formatter3strB5cxx11Ev
FNDA:0,_ZN7nnutils9formatterrsB5cxx11ENS0_17convert_to_stringE
FNDA:1798023,_ZN7nnutils13get_generatorEv
FNDA:8929,_ZNK7nnutils9formattercvNSt7__cxx1112basic_stringIcSt11char_traitsIcESaIcEEEB5cxx11Ev
FNF:10
FNH:8
DA:9,11121
DA:11,11121
DA:13,2192
DA:15,2192
DA:18,8929
DA:20,8929
DA:23,0
DA:25,0
DA:28,107575
DA:30,107575
DA:31,107575
DA:32,107575
DA:34,215150
DA:35,107575
DA:37,1828775
DA:39,1721200
DA:40,1721200
DA:42,215150
DA:45,1798023
DA:47,1798023
DA:48,1798023
DA:51,0
DA:53,0
DA:54,0
DA:56,54
LF:25
LH:20
end_of_record
